<?xml version="1.0" encoding="UTF-8"?>
<testsuite xmlns:xsi="http://www.w3.org/2001/XMLSchema-instance" xsi:noNamespaceSchemaLocation="https://maven.apache.org/surefire/maven-surefire-plugin/xsd/surefire-test-report.xsd" name="TestSuite" time="288.757" tests="68" errors="0" skipped="43" failures="18">
  <properties>
    <property name="sun.desktop" value="windows"/>
    <property name="awt.toolkit" value="sun.awt.windows.WToolkit"/>
    <property name="file.encoding.pkg" value="sun.io"/>
    <property name="java.specification.version" value="1.8"/>
    <property name="sun.cpu.isalist" value="amd64"/>
    <property name="sun.jnu.encoding" value="Cp1252"/>
    <property name="java.class.path" value="C:\Users\rohanchoudhary\eclipse-workspace\ExitTestFin\target\test-classes;C:\Users\rohanchoudhary\eclipse-workspace\ExitTestFin\target\classes;C:\Users\rohanchoudhary\.m2\repository\org\seleniumhq\selenium\selenium-java\3.141.59\selenium-java-3.141.59.jar;C:\Users\rohanchoudhary\.m2\repository\org\seleniumhq\selenium\selenium-api\3.141.59\selenium-api-3.141.59.jar;C:\Users\rohanchoudhary\.m2\repository\org\seleniumhq\selenium\selenium-chrome-driver\3.141.59\selenium-chrome-driver-3.141.59.jar;C:\Users\rohanchoudhary\.m2\repository\org\seleniumhq\selenium\selenium-edge-driver\3.141.59\selenium-edge-driver-3.141.59.jar;C:\Users\rohanchoudhary\.m2\repository\org\seleniumhq\selenium\selenium-firefox-driver\3.141.59\selenium-firefox-driver-3.141.59.jar;C:\Users\rohanchoudhary\.m2\repository\org\seleniumhq\selenium\selenium-ie-driver\3.141.59\selenium-ie-driver-3.141.59.jar;C:\Users\rohanchoudhary\.m2\repository\org\seleniumhq\selenium\selenium-opera-driver\3.141.59\selenium-opera-driver-3.141.59.jar;C:\Users\rohanchoudhary\.m2\repository\org\seleniumhq\selenium\selenium-remote-driver\3.141.59\selenium-remote-driver-3.141.59.jar;C:\Users\rohanchoudhary\.m2\repository\org\seleniumhq\selenium\selenium-safari-driver\3.141.59\selenium-safari-driver-3.141.59.jar;C:\Users\rohanchoudhary\.m2\repository\org\seleniumhq\selenium\selenium-support\3.141.59\selenium-support-3.141.59.jar;C:\Users\rohanchoudhary\.m2\repository\net\bytebuddy\byte-buddy\1.8.15\byte-buddy-1.8.15.jar;C:\Users\rohanchoudhary\.m2\repository\org\apache\commons\commons-exec\1.3\commons-exec-1.3.jar;C:\Users\rohanchoudhary\.m2\repository\com\google\guava\guava\25.0-jre\guava-25.0-jre.jar;C:\Users\rohanchoudhary\.m2\repository\com\google\code\findbugs\jsr305\1.3.9\jsr305-1.3.9.jar;C:\Users\rohanchoudhary\.m2\repository\org\checkerframework\checker-compat-qual\2.0.0\checker-compat-qual-2.0.0.jar;C:\Users\rohanchoudhary\.m2\repository\com\google\errorprone\error_prone_annotations\2.1.3\error_prone_annotations-2.1.3.jar;C:\Users\rohanchoudhary\.m2\repository\com\google\j2objc\j2objc-annotations\1.1\j2objc-annotations-1.1.jar;C:\Users\rohanchoudhary\.m2\repository\org\codehaus\mojo\animal-sniffer-annotations\1.14\animal-sniffer-annotations-1.14.jar;C:\Users\rohanchoudhary\.m2\repository\com\squareup\okhttp3\okhttp\3.11.0\okhttp-3.11.0.jar;C:\Users\rohanchoudhary\.m2\repository\com\squareup\okio\okio\1.14.0\okio-1.14.0.jar;C:\Users\rohanchoudhary\.m2\repository\org\testng\testng\6.14.3\testng-6.14.3.jar;C:\Users\rohanchoudhary\.m2\repository\com\beust\jcommander\1.72\jcommander-1.72.jar;C:\Users\rohanchoudhary\.m2\repository\org\apache-extras\beanshell\bsh\2.0b6\bsh-2.0b6.jar;C:\Users\rohanchoudhary\.m2\repository\com\relevantcodes\extentreports\2.41.2\extentreports-2.41.2.jar;C:\Users\rohanchoudhary\.m2\repository\org\jsoup\jsoup\1.8.3\jsoup-1.8.3.jar;C:\Users\rohanchoudhary\.m2\repository\org\xerial\sqlite-jdbc\3.8.11.1\sqlite-jdbc-3.8.11.1.jar;C:\Users\rohanchoudhary\.m2\repository\org\freemarker\freemarker\2.3.23\freemarker-2.3.23.jar;C:\Users\rohanchoudhary\.m2\repository\org\mongodb\mongodb-driver\3.0.4\mongodb-driver-3.0.4.jar;C:\Users\rohanchoudhary\.m2\repository\org\mongodb\bson\3.0.4\bson-3.0.4.jar;C:\Users\rohanchoudhary\.m2\repository\org\mongodb\mongodb-driver-core\3.0.4\mongodb-driver-core-3.0.4.jar;C:\Users\rohanchoudhary\.m2\repository\commons-io\commons-io\2.8.0\commons-io-2.8.0.jar;C:\Users\rohanchoudhary\.m2\repository\log4j\log4j\1.2.17\log4j-1.2.17.jar;C:\Users\rohanchoudhary\.m2\repository\org\apache\poi\poi\4.1.2\poi-4.1.2.jar;C:\Users\rohanchoudhary\.m2\repository\commons-codec\commons-codec\1.13\commons-codec-1.13.jar;C:\Users\rohanchoudhary\.m2\repository\org\apache\commons\commons-collections4\4.4\commons-collections4-4.4.jar;C:\Users\rohanchoudhary\.m2\repository\org\apache\commons\commons-math3\3.6.1\commons-math3-3.6.1.jar;C:\Users\rohanchoudhary\.m2\repository\com\zaxxer\SparseBitSet\1.2\SparseBitSet-1.2.jar;C:\Users\rohanchoudhary\.m2\repository\org\apache\poi\poi-ooxml\4.1.2\poi-ooxml-4.1.2.jar;C:\Users\rohanchoudhary\.m2\repository\org\apache\poi\poi-ooxml-schemas\4.1.2\poi-ooxml-schemas-4.1.2.jar;C:\Users\rohanchoudhary\.m2\repository\org\apache\xmlbeans\xmlbeans\3.1.0\xmlbeans-3.1.0.jar;C:\Users\rohanchoudhary\.m2\repository\org\apache\commons\commons-compress\1.19\commons-compress-1.19.jar;C:\Users\rohanchoudhary\.m2\repository\com\github\virtuald\curvesapi\1.06\curvesapi-1.06.jar;"/>
    <property name="java.vm.vendor" value="Oracle Corporation"/>
    <property name="sun.arch.data.model" value="64"/>
    <property name="user.variant" value=""/>
    <property name="java.vendor.url" value="http://java.oracle.com/"/>
    <property name="user.timezone" value="Asia/Calcutta"/>
    <property name="java.vm.specification.version" value="1.8"/>
    <property name="os.name" value="Windows 10"/>
    <property name="user.country" value="IN"/>
    <property name="sun.java.launcher" value="SUN_STANDARD"/>
    <property name="sun.boot.library.path" value="C:\Program Files\Java\jdk1.8.0_291\jre\bin"/>
    <property name="sun.java.command" value="C:\Users\ROHANC~1\AppData\Local\Temp\surefire831944317260349107\surefirebooter5112559997447858102.jar C:\Users\rohanchoudhary\AppData\Local\Temp\surefire831944317260349107 2021-07-02T02-45-12_358-jvmRun1 surefire252187872886823504tmp surefire_04464590868361973839tmp"/>
    <property name="surefire.test.class.path" value="C:\Users\rohanchoudhary\eclipse-workspace\ExitTestFin\target\test-classes;C:\Users\rohanchoudhary\eclipse-workspace\ExitTestFin\target\classes;C:\Users\rohanchoudhary\.m2\repository\org\seleniumhq\selenium\selenium-java\3.141.59\selenium-java-3.141.59.jar;C:\Users\rohanchoudhary\.m2\repository\org\seleniumhq\selenium\selenium-api\3.141.59\selenium-api-3.141.59.jar;C:\Users\rohanchoudhary\.m2\repository\org\seleniumhq\selenium\selenium-chrome-driver\3.141.59\selenium-chrome-driver-3.141.59.jar;C:\Users\rohanchoudhary\.m2\repository\org\seleniumhq\selenium\selenium-edge-driver\3.141.59\selenium-edge-driver-3.141.59.jar;C:\Users\rohanchoudhary\.m2\repository\org\seleniumhq\selenium\selenium-firefox-driver\3.141.59\selenium-firefox-driver-3.141.59.jar;C:\Users\rohanchoudhary\.m2\repository\org\seleniumhq\selenium\selenium-ie-driver\3.141.59\selenium-ie-driver-3.141.59.jar;C:\Users\rohanchoudhary\.m2\repository\org\seleniumhq\selenium\selenium-opera-driver\3.141.59\selenium-opera-driver-3.141.59.jar;C:\Users\rohanchoudhary\.m2\repository\org\seleniumhq\selenium\selenium-remote-driver\3.141.59\selenium-remote-driver-3.141.59.jar;C:\Users\rohanchoudhary\.m2\repository\org\seleniumhq\selenium\selenium-safari-driver\3.141.59\selenium-safari-driver-3.141.59.jar;C:\Users\rohanchoudhary\.m2\repository\org\seleniumhq\selenium\selenium-support\3.141.59\selenium-support-3.141.59.jar;C:\Users\rohanchoudhary\.m2\repository\net\bytebuddy\byte-buddy\1.8.15\byte-buddy-1.8.15.jar;C:\Users\rohanchoudhary\.m2\repository\org\apache\commons\commons-exec\1.3\commons-exec-1.3.jar;C:\Users\rohanchoudhary\.m2\repository\com\google\guava\guava\25.0-jre\guava-25.0-jre.jar;C:\Users\rohanchoudhary\.m2\repository\com\google\code\findbugs\jsr305\1.3.9\jsr305-1.3.9.jar;C:\Users\rohanchoudhary\.m2\repository\org\checkerframework\checker-compat-qual\2.0.0\checker-compat-qual-2.0.0.jar;C:\Users\rohanchoudhary\.m2\repository\com\google\errorprone\error_prone_annotations\2.1.3\error_prone_annotations-2.1.3.jar;C:\Users\rohanchoudhary\.m2\repository\com\google\j2objc\j2objc-annotations\1.1\j2objc-annotations-1.1.jar;C:\Users\rohanchoudhary\.m2\repository\org\codehaus\mojo\animal-sniffer-annotations\1.14\animal-sniffer-annotations-1.14.jar;C:\Users\rohanchoudhary\.m2\repository\com\squareup\okhttp3\okhttp\3.11.0\okhttp-3.11.0.jar;C:\Users\rohanchoudhary\.m2\repository\com\squareup\okio\okio\1.14.0\okio-1.14.0.jar;C:\Users\rohanchoudhary\.m2\repository\org\testng\testng\6.14.3\testng-6.14.3.jar;C:\Users\rohanchoudhary\.m2\repository\com\beust\jcommander\1.72\jcommander-1.72.jar;C:\Users\rohanchoudhary\.m2\repository\org\apache-extras\beanshell\bsh\2.0b6\bsh-2.0b6.jar;C:\Users\rohanchoudhary\.m2\repository\com\relevantcodes\extentreports\2.41.2\extentreports-2.41.2.jar;C:\Users\rohanchoudhary\.m2\repository\org\jsoup\jsoup\1.8.3\jsoup-1.8.3.jar;C:\Users\rohanchoudhary\.m2\repository\org\xerial\sqlite-jdbc\3.8.11.1\sqlite-jdbc-3.8.11.1.jar;C:\Users\rohanchoudhary\.m2\repository\org\freemarker\freemarker\2.3.23\freemarker-2.3.23.jar;C:\Users\rohanchoudhary\.m2\repository\org\mongodb\mongodb-driver\3.0.4\mongodb-driver-3.0.4.jar;C:\Users\rohanchoudhary\.m2\repository\org\mongodb\bson\3.0.4\bson-3.0.4.jar;C:\Users\rohanchoudhary\.m2\repository\org\mongodb\mongodb-driver-core\3.0.4\mongodb-driver-core-3.0.4.jar;C:\Users\rohanchoudhary\.m2\repository\commons-io\commons-io\2.8.0\commons-io-2.8.0.jar;C:\Users\rohanchoudhary\.m2\repository\log4j\log4j\1.2.17\log4j-1.2.17.jar;C:\Users\rohanchoudhary\.m2\repository\org\apache\poi\poi\4.1.2\poi-4.1.2.jar;C:\Users\rohanchoudhary\.m2\repository\commons-codec\commons-codec\1.13\commons-codec-1.13.jar;C:\Users\rohanchoudhary\.m2\repository\org\apache\commons\commons-collections4\4.4\commons-collections4-4.4.jar;C:\Users\rohanchoudhary\.m2\repository\org\apache\commons\commons-math3\3.6.1\commons-math3-3.6.1.jar;C:\Users\rohanchoudhary\.m2\repository\com\zaxxer\SparseBitSet\1.2\SparseBitSet-1.2.jar;C:\Users\rohanchoudhary\.m2\repository\org\apache\poi\poi-ooxml\4.1.2\poi-ooxml-4.1.2.jar;C:\Users\rohanchoudhary\.m2\repository\org\apache\poi\poi-ooxml-schemas\4.1.2\poi-ooxml-schemas-4.1.2.jar;C:\Users\rohanchoudhary\.m2\repository\org\apache\xmlbeans\xmlbeans\3.1.0\xmlbeans-3.1.0.jar;C:\Users\rohanchoudhary\.m2\repository\org\apache\commons\commons-compress\1.19\commons-compress-1.19.jar;C:\Users\rohanchoudhary\.m2\repository\com\github\virtuald\curvesapi\1.06\curvesapi-1.06.jar;"/>
    <property name="sun.cpu.endian" value="little"/>
    <property name="user.home" value="C:\Users\rohanchoudhary"/>
    <property name="user.language" value="en"/>
    <property name="java.specification.vendor" value="Oracle Corporation"/>
    <property name="java.home" value="C:\Program Files\Java\jdk1.8.0_291\jre"/>
    <property name="basedir" value="C:\Users\rohanchoudhary\eclipse-workspace\ExitTestFin"/>
    <property name="file.separator" value="\"/>
    <property name="line.separator" value="&#10;"/>
    <property name="java.vm.specification.vendor" value="Oracle Corporation"/>
    <property name="java.specification.name" value="Java Platform API Specification"/>
    <property name="java.awt.graphicsenv" value="sun.awt.Win32GraphicsEnvironment"/>
    <property name="surefire.real.class.path" value="C:\Users\ROHANC~1\AppData\Local\Temp\surefire831944317260349107\surefirebooter5112559997447858102.jar"/>
    <property name="sun.boot.class.path" value="C:\Program Files\Java\jdk1.8.0_291\jre\lib\resources.jar;C:\Program Files\Java\jdk1.8.0_291\jre\lib\rt.jar;C:\Program Files\Java\jdk1.8.0_291\jre\lib\sunrsasign.jar;C:\Program Files\Java\jdk1.8.0_291\jre\lib\jsse.jar;C:\Program Files\Java\jdk1.8.0_291\jre\lib\jce.jar;C:\Program Files\Java\jdk1.8.0_291\jre\lib\charsets.jar;C:\Program Files\Java\jdk1.8.0_291\jre\lib\jfr.jar;C:\Program Files\Java\jdk1.8.0_291\jre\classes"/>
    <property name="user.script" value=""/>
    <property name="sun.management.compiler" value="HotSpot 64-Bit Tiered Compilers"/>
    <property name="java.runtime.version" value="1.8.0_291-b10"/>
    <property name="user.name" value="rohanchoudhary"/>
    <property name="path.separator" value=";"/>
    <property name="os.version" value="10.0"/>
    <property name="java.endorsed.dirs" value="C:\Program Files\Java\jdk1.8.0_291\jre\lib\endorsed"/>
    <property name="java.runtime.name" value="Java(TM) SE Runtime Environment"/>
    <property name="file.encoding" value="Cp1252"/>
    <property name="java.vm.name" value="Java HotSpot(TM) 64-Bit Server VM"/>
    <property name="localRepository" value="C:\Users\rohanchoudhary\.m2\repository"/>
    <property name="java.vendor.url.bug" value="http://bugreport.sun.com/bugreport/"/>
    <property name="java.io.tmpdir" value="C:\Users\ROHANC~1\AppData\Local\Temp\"/>
    <property name="java.version" value="1.8.0_291"/>
    <property name="user.dir" value="C:\Users\rohanchoudhary\eclipse-workspace\ExitTestFin"/>
    <property name="os.arch" value="amd64"/>
    <property name="java.vm.specification.name" value="Java Virtual Machine Specification"/>
    <property name="java.awt.printerjob" value="sun.awt.windows.WPrinterJob"/>
    <property name="sun.os.patch.level" value=""/>
    <property name="java.library.path" value="C:\Program Files\Java\jdk1.8.0_291\jre\bin;C:\Windows\Sun\Java\bin;C:\Windows\system32;C:\Windows;C:\Python39\Scripts\;C:\Python39\;C:\Program Files (x86)\Common Files\Oracle\Java\javapath;C:\Automation - Seti -Software\apache-maven-3.6.3-bin\apache-maven-3.6.3\bin;C:\Program Files\Java\jdk1.8.0_291\bin;C:\Windows\System32;C:\Users\rohanchoudhary\AppData\Local\Android\Sdk\tools;C:\Users\rohanchoudhary\AppData\Local\Android\Sdk\platform-tools;C:\Program Files\nodejs\;C:\Users\rohanchoudhary\AppData\Local\Microsoft\WindowsApps;C:\Users\rohanchoudhary\.dotnet\tools;C:\Program Files\Azure Data Studio\bin;C:\Program Files\heroku\bin;C:\Users\rohanchoudhary\AppData\Roaming\npm;."/>
    <property name="java.vm.info" value="mixed mode"/>
    <property name="java.vendor" value="Oracle Corporation"/>
    <property name="java.vm.version" value="25.291-b10"/>
    <property name="java.ext.dirs" value="C:\Program Files\Java\jdk1.8.0_291\jre\lib\ext;C:\Windows\Sun\Java\lib\ext"/>
    <property name="sun.io.unicode.encoding" value="UnicodeLittle"/>
    <property name="java.class.version" value="52.0"/>
  </properties>
  <testcase name="InvalidAgentRegistrationTest" classname="tests.AgentRegistrationTest" time="7.62"/>
  <testcase name="closeBrowser" classname="tests.AgentRegistrationTest" time="7.679">
    <failure message="Dismissed user prompt dialog: Please enter valid mobile number!: &#10;Build info: version: &apos;3.141.59&apos;, revision: &apos;e82be7d358&apos;, time: &apos;2018-11-14T08:17:03&apos;&#10;System info: host: &apos;ROHANCHOUDHARY1&apos;, ip: &apos;192.168.0.106&apos;, os.name: &apos;Windows 10&apos;, os.arch: &apos;amd64&apos;, os.version: &apos;10.0&apos;, java.version: &apos;1.8.0_291&apos;&#10;Driver info: org.openqa.selenium.firefox.FirefoxDriver&#10;Capabilities {acceptInsecureCerts: true, browserName: firefox, browserVersion: 89.0.2, javascriptEnabled: true, moz:accessibilityChecks: false, moz:buildID: 20210622155641, moz:geckodriverVersion: 0.29.1, moz:headless: false, moz:processID: 23904, moz:profile: C:\Users\rohanchoudhary\App..., moz:shutdownTimeout: 60000, moz:useNonSpecCompliantPointerOrigin: false, moz:webdriverClick: true, pageLoadStrategy: normal, platform: WINDOWS, platformName: WINDOWS, platformVersion: 10.0, setWindowRect: true, strictFileInteractability: false, timeouts: {implicit: 0, pageLoad: 300000, script: 30000}, unhandledPromptBehavior: dismiss and notify}&#10;Session ID: 9a61b09f-706d-4e63-9025-5f0e5c971985" type="org.openqa.selenium.UnhandledAlertException">org.openqa.selenium.UnhandledAlertException: 
Dismissed user prompt dialog: Please enter valid mobile number!: 
Build info: version: '3.141.59', revision: 'e82be7d358', time: '2018-11-14T08:17:03'
System info: host: 'ROHANCHOUDHARY1', ip: '192.168.0.106', os.name: 'Windows 10', os.arch: 'amd64', os.version: '10.0', java.version: '1.8.0_291'
Driver info: org.openqa.selenium.firefox.FirefoxDriver
Capabilities {acceptInsecureCerts: true, browserName: firefox, browserVersion: 89.0.2, javascriptEnabled: true, moz:accessibilityChecks: false, moz:buildID: 20210622155641, moz:geckodriverVersion: 0.29.1, moz:headless: false, moz:processID: 23904, moz:profile: C:\Users\rohanchoudhary\App..., moz:shutdownTimeout: 60000, moz:useNonSpecCompliantPointerOrigin: false, moz:webdriverClick: true, pageLoadStrategy: normal, platform: WINDOWS, platformName: WINDOWS, platformVersion: 10.0, setWindowRect: true, strictFileInteractability: false, timeouts: {implicit: 0, pageLoad: 300000, script: 30000}, unhandledPromptBehavior: dismiss and notify}
Session ID: 9a61b09f-706d-4e63-9025-5f0e5c971985
</failure>
    <system-out><![CDATA[ INFO [main] (BaseTest.java:109)- InvalidAgentRegistrationTest TEST CASE EXECUTED SUCCESSFULLY.
]]></system-out>
  </testcase>
  <testcase name="busHire" classname="tests.BusHireTest" time="23.078">
    <failure message="Unable to locate element: //body/div[@id=&apos;app&apos;]/div[1]&#10;For documentation on this error, please visit: https://www.seleniumhq.org/exceptions/no_such_element.html&#10;Build info: version: &apos;3.141.59&apos;, revision: &apos;e82be7d358&apos;, time: &apos;2018-11-14T08:17:03&apos;&#10;System info: host: &apos;ROHANCHOUDHARY1&apos;, ip: &apos;192.168.0.106&apos;, os.name: &apos;Windows 10&apos;, os.arch: &apos;amd64&apos;, os.version: &apos;10.0&apos;, java.version: &apos;1.8.0_291&apos;&#10;Driver info: org.openqa.selenium.firefox.FirefoxDriver&#10;Capabilities {acceptInsecureCerts: true, browserName: firefox, browserVersion: 89.0.2, javascriptEnabled: true, moz:accessibilityChecks: false, moz:buildID: 20210622155641, moz:geckodriverVersion: 0.29.1, moz:headless: false, moz:processID: 62716, moz:profile: C:\Users\rohanchoudhary\App..., moz:shutdownTimeout: 60000, moz:useNonSpecCompliantPointerOrigin: false, moz:webdriverClick: true, pageLoadStrategy: normal, platform: WINDOWS, platformName: WINDOWS, platformVersion: 10.0, setWindowRect: true, strictFileInteractability: false, timeouts: {implicit: 0, pageLoad: 300000, script: 30000}, unhandledPromptBehavior: dismiss and notify}&#10;Session ID: ddef2870-c4af-4a49-8ccb-244a00d47ecc&#10;*** Element info: {Using=xpath, value=//body/div[@id=&apos;app&apos;]/div[1]}" type="org.openqa.selenium.NoSuchElementException">org.openqa.selenium.NoSuchElementException: 
Unable to locate element: //body/div[@id='app']/div[1]
For documentation on this error, please visit: https://www.seleniumhq.org/exceptions/no_such_element.html
Build info: version: '3.141.59', revision: 'e82be7d358', time: '2018-11-14T08:17:03'
System info: host: 'ROHANCHOUDHARY1', ip: '192.168.0.106', os.name: 'Windows 10', os.arch: 'amd64', os.version: '10.0', java.version: '1.8.0_291'
Driver info: org.openqa.selenium.firefox.FirefoxDriver
Capabilities {acceptInsecureCerts: true, browserName: firefox, browserVersion: 89.0.2, javascriptEnabled: true, moz:accessibilityChecks: false, moz:buildID: 20210622155641, moz:geckodriverVersion: 0.29.1, moz:headless: false, moz:processID: 62716, moz:profile: C:\Users\rohanchoudhary\App..., moz:shutdownTimeout: 60000, moz:useNonSpecCompliantPointerOrigin: false, moz:webdriverClick: true, pageLoadStrategy: normal, platform: WINDOWS, platformName: WINDOWS, platformVersion: 10.0, setWindowRect: true, strictFileInteractability: false, timeouts: {implicit: 0, pageLoad: 300000, script: 30000}, unhandledPromptBehavior: dismiss and notify}
Session ID: ddef2870-c4af-4a49-8ccb-244a00d47ecc
*** Element info: {Using=xpath, value=//body/div[@id='app']/div[1]}
	at tests.BusHireTest.busHire(BusHireTest.java:15)
</failure>
    <system-out><![CDATA[ INFO [main] (BaseTest.java:166)- Browser opened successfully.
 INFO [main] (BaseTest.java:175)- URL opened successfully.
]]></system-out>
    <system-err><![CDATA[1625174132144	geckodriver	INFO	Listening on 127.0.0.1:11109
1625174132665	mozrunner::runner	INFO	Running command: "C:\\Program Files\\Mozilla Firefox\\firefox.exe" "--marionette" "-foreground" "-no-remote" "-profile" "C:\\Users\\ROHANC~1\\AppData\\Local\\Temp\\rust_mozprofileA8yNyy"
1625174133425	Marionette	INFO	Marionette enabled
console.warn: SearchSettings: "get: No settings file exists, new profile?" (new NotFoundError("Could not open the file at C:\\Users\\rohanchoudhary\\AppData\\Local\\Temp\\rust_mozprofileA8yNyy\\search.json.mozlz4", (void 0)))
1625174137573	Marionette	INFO	Listening on port 58053
1625174138074	Marionette	WARN	TLS certificate errors will be ignored for this session
Jul 02, 2021 2:45:38 AM org.openqa.selenium.remote.ProtocolHandshake createSession
INFO: Detected dialect: W3C
[62160, IPC I/O Child] WARNING: failed to create pipe: 2: file /builds/worker/checkouts/gecko/ipc/chromium/src/chrome/common/ipc_channel_win.cc:238
[62160, IPC I/O Child] WARNING: Unable to create pipe named "62716.27.2071266420\607403829" in client mode.: file /builds/worker/checkouts/gecko/ipc/chromium/src/chrome/common/ipc_channel_win.cc:71

###!!! [Child][MessageChannel] Error: (msgtype=0xFFF7,name=<unknown IPC msg name>) Closed channel: cannot send/recv

]]></system-err>
  </testcase>
  <testcase name="closeBrowser" classname="tests.BusHireTest" time="25.552">
    <failure message="Tried to run command without establishing a connection&#10;Build info: version: &apos;3.141.59&apos;, revision: &apos;e82be7d358&apos;, time: &apos;2018-11-14T08:17:03&apos;&#10;System info: host: &apos;ROHANCHOUDHARY1&apos;, ip: &apos;192.168.0.106&apos;, os.name: &apos;Windows 10&apos;, os.arch: &apos;amd64&apos;, os.version: &apos;10.0&apos;, java.version: &apos;1.8.0_291&apos;&#10;Driver info: org.openqa.selenium.firefox.FirefoxDriver&#10;Capabilities {acceptInsecureCerts: true, browserName: firefox, browserVersion: 89.0.2, javascriptEnabled: true, moz:accessibilityChecks: false, moz:buildID: 20210622155641, moz:geckodriverVersion: 0.29.1, moz:headless: false, moz:processID: 62716, moz:profile: C:\Users\rohanchoudhary\App..., moz:shutdownTimeout: 60000, moz:useNonSpecCompliantPointerOrigin: false, moz:webdriverClick: true, pageLoadStrategy: normal, platform: WINDOWS, platformName: WINDOWS, platformVersion: 10.0, setWindowRect: true, strictFileInteractability: false, timeouts: {implicit: 0, pageLoad: 300000, script: 30000}, unhandledPromptBehavior: dismiss and notify}&#10;Session ID: ddef2870-c4af-4a49-8ccb-244a00d47ecc" type="org.openqa.selenium.NoSuchSessionException">org.openqa.selenium.NoSuchSessionException: 
Tried to run command without establishing a connection
Build info: version: '3.141.59', revision: 'e82be7d358', time: '2018-11-14T08:17:03'
System info: host: 'ROHANCHOUDHARY1', ip: '192.168.0.106', os.name: 'Windows 10', os.arch: 'amd64', os.version: '10.0', java.version: '1.8.0_291'
Driver info: org.openqa.selenium.firefox.FirefoxDriver
Capabilities {acceptInsecureCerts: true, browserName: firefox, browserVersion: 89.0.2, javascriptEnabled: true, moz:accessibilityChecks: false, moz:buildID: 20210622155641, moz:geckodriverVersion: 0.29.1, moz:headless: false, moz:processID: 62716, moz:profile: C:\Users\rohanchoudhary\App..., moz:shutdownTimeout: 60000, moz:useNonSpecCompliantPointerOrigin: false, moz:webdriverClick: true, pageLoadStrategy: normal, platform: WINDOWS, platformName: WINDOWS, platformVersion: 10.0, setWindowRect: true, strictFileInteractability: false, timeouts: {implicit: 0, pageLoad: 300000, script: 30000}, unhandledPromptBehavior: dismiss and notify}
Session ID: ddef2870-c4af-4a49-8ccb-244a00d47ecc
</failure>
    <system-out><![CDATA[ INFO [main] (BaseTest.java:107)- busHire TEST CASE FAILED.
\FailedScreenshots\busHireTestFailed.jpg]]></system-out>
    <system-err><![CDATA[1625174163731	Marionette	INFO	Stopped listening on port 58053

###!!! [Child][RunMessage] Error: Channel closing: too late to send/recv, messages will be lost

]]></system-err>
  </testcase>
  <testcase name="InvalidMobileAppLink" classname="tests.AppLinkMobileTest" time="0.855"/>
  <testcase name="closeBrowser" classname="tests.AppLinkMobileTest" time="2.33">
    <failure message="Tried to run command without establishing a connection&#10;Build info: version: &apos;3.141.59&apos;, revision: &apos;e82be7d358&apos;, time: &apos;2018-11-14T08:17:03&apos;&#10;System info: host: &apos;ROHANCHOUDHARY1&apos;, ip: &apos;192.168.0.106&apos;, os.name: &apos;Windows 10&apos;, os.arch: &apos;amd64&apos;, os.version: &apos;10.0&apos;, java.version: &apos;1.8.0_291&apos;&#10;Driver info: org.openqa.selenium.firefox.FirefoxDriver&#10;Capabilities {acceptInsecureCerts: true, browserName: firefox, browserVersion: 89.0.2, javascriptEnabled: true, moz:accessibilityChecks: false, moz:buildID: 20210622155641, moz:geckodriverVersion: 0.29.1, moz:headless: false, moz:processID: 63592, moz:profile: C:\Users\rohanchoudhary\App..., moz:shutdownTimeout: 60000, moz:useNonSpecCompliantPointerOrigin: false, moz:webdriverClick: true, pageLoadStrategy: normal, platform: WINDOWS, platformName: WINDOWS, platformVersion: 10.0, setWindowRect: true, strictFileInteractability: false, timeouts: {implicit: 0, pageLoad: 300000, script: 30000}, unhandledPromptBehavior: dismiss and notify}&#10;Session ID: 13e8982a-ba87-45e6-98cd-196ffc8b17c3" type="org.openqa.selenium.NoSuchSessionException">org.openqa.selenium.NoSuchSessionException: 
Tried to run command without establishing a connection
Build info: version: '3.141.59', revision: 'e82be7d358', time: '2018-11-14T08:17:03'
System info: host: 'ROHANCHOUDHARY1', ip: '192.168.0.106', os.name: 'Windows 10', os.arch: 'amd64', os.version: '10.0', java.version: '1.8.0_291'
Driver info: org.openqa.selenium.firefox.FirefoxDriver
Capabilities {acceptInsecureCerts: true, browserName: firefox, browserVersion: 89.0.2, javascriptEnabled: true, moz:accessibilityChecks: false, moz:buildID: 20210622155641, moz:geckodriverVersion: 0.29.1, moz:headless: false, moz:processID: 63592, moz:profile: C:\Users\rohanchoudhary\App..., moz:shutdownTimeout: 60000, moz:useNonSpecCompliantPointerOrigin: false, moz:webdriverClick: true, pageLoadStrategy: normal, platform: WINDOWS, platformName: WINDOWS, platformVersion: 10.0, setWindowRect: true, strictFileInteractability: false, timeouts: {implicit: 0, pageLoad: 300000, script: 30000}, unhandledPromptBehavior: dismiss and notify}
Session ID: 13e8982a-ba87-45e6-98cd-196ffc8b17c3
</failure>
    <system-out><![CDATA[ INFO [main] (BaseTest.java:109)- InvalidMobileAppLink TEST CASE EXECUTED SUCCESSFULLY.
]]></system-out>
    <system-err><![CDATA[1625174174501	Marionette	INFO	Stopped listening on port 62126

###!!! [Child][MessageChannel] Error: (msgtype=0x6A0027,name=PNecko::Msg_RemoveRequestContext) Channel closing: too late to send/recv, messages will be lost


###!!! [Child][RunMessage] Error: Channel closing: too late to send/recv, messages will be lost


###!!! [Child][RunMessage] Error: Channel closing: too late to send/recv, messages will be lost


###!!! [Child][RunMessage] Error: Channel closing: too late to send/recv, messages will be lost


###!!! [Child][RunMessage] Error: Channel closing: too late to send/recv, messages will be lost


###!!! [Child][RunMessage] Error: Channel closing: too late to send/recv, messages will be lost


###!!! [Child][RunMessage] Error: Channel closing: too late to send/recv, messages will be lost


###!!! [Child][RunMessage] Error: Channel closing: too late to send/recv, messages will be lost


###!!! [Child][RunMessage] Error: Channel closing: too late to send/recv, messages will be lost


###!!! [Child][RunMessage] Error: Channel closing: too late to send/recv, messages will be lost


###!!! [Child][RunMessage] Error: Channel closing: too late to send/recv, messages will be lost


###!!! [Child][RunMessage] Error: Channel closing: too late to send/recv, messages will be lost

]]></system-err>
  </testcase>
  <testcase name="closeBrowser" classname="tests.AppLinkMobileTest" time="0">
    <skipped/>
  </testcase>
  <testcase name="intializeWebdriver" classname="tests.AppLinkMobileTest" time="0">
    <skipped/>
  </testcase>
  <testcase name="openBrowser" classname="tests.AppLinkMobileTest" time="0">
    <skipped/>
  </testcase>
  <testcase name="ValidMobileAppLink" classname="tests.AppLinkMobileTest" time="0">
    <skipped message="Tried to run command without establishing a connection&#10;Build info: version: &apos;3.141.59&apos;, revision: &apos;e82be7d358&apos;, time: &apos;2018-11-14T08:17:03&apos;&#10;System info: host: &apos;ROHANCHOUDHARY1&apos;, ip: &apos;192.168.0.106&apos;, os.name: &apos;Windows 10&apos;, os.arch: &apos;amd64&apos;, os.version: &apos;10.0&apos;, java.version: &apos;1.8.0_291&apos;&#10;Driver info: org.openqa.selenium.firefox.FirefoxDriver&#10;Capabilities {acceptInsecureCerts: true, browserName: firefox, browserVersion: 89.0.2, javascriptEnabled: true, moz:accessibilityChecks: false, moz:buildID: 20210622155641, moz:geckodriverVersion: 0.29.1, moz:headless: false, moz:processID: 63592, moz:profile: C:\Users\rohanchoudhary\App..., moz:shutdownTimeout: 60000, moz:useNonSpecCompliantPointerOrigin: false, moz:webdriverClick: true, pageLoadStrategy: normal, platform: WINDOWS, platformName: WINDOWS, platformVersion: 10.0, setWindowRect: true, strictFileInteractability: false, timeouts: {implicit: 0, pageLoad: 300000, script: 30000}, unhandledPromptBehavior: dismiss and notify}&#10;Session ID: 13e8982a-ba87-45e6-98cd-196ffc8b17c3"/>
  </testcase>
  <testcase name="Logger" classname="tests.AppLinkMobileTest" time="0">
    <skipped/>
  </testcase>
  <testcase name="attachScreenShot" classname="tests.AppLinkMobileTest" time="0">
    <skipped/>
  </testcase>
  <testcase name="careerHiristLink" classname="tests.CareerPageTest" time="21.103">
    <failure message="Unable to locate element: //button[contains(text(),&apos;Get Onboard Now&apos;)]&#10;For documentation on this error, please visit: https://www.seleniumhq.org/exceptions/no_such_element.html&#10;Build info: version: &apos;3.141.59&apos;, revision: &apos;e82be7d358&apos;, time: &apos;2018-11-14T08:17:03&apos;&#10;System info: host: &apos;ROHANCHOUDHARY1&apos;, ip: &apos;192.168.0.106&apos;, os.name: &apos;Windows 10&apos;, os.arch: &apos;amd64&apos;, os.version: &apos;10.0&apos;, java.version: &apos;1.8.0_291&apos;&#10;Driver info: org.openqa.selenium.firefox.FirefoxDriver&#10;Capabilities {acceptInsecureCerts: true, browserName: firefox, browserVersion: 89.0.2, javascriptEnabled: true, moz:accessibilityChecks: false, moz:buildID: 20210622155641, moz:geckodriverVersion: 0.29.1, moz:headless: false, moz:processID: 71172, moz:profile: C:\Users\rohanchoudhary\App..., moz:shutdownTimeout: 60000, moz:useNonSpecCompliantPointerOrigin: false, moz:webdriverClick: true, pageLoadStrategy: normal, platform: WINDOWS, platformName: WINDOWS, platformVersion: 10.0, setWindowRect: true, strictFileInteractability: false, timeouts: {implicit: 0, pageLoad: 300000, script: 30000}, unhandledPromptBehavior: dismiss and notify}&#10;Session ID: 612e466d-4965-42ee-acaa-2afdce380d2d&#10;*** Element info: {Using=xpath, value=//button[contains(text(),&apos;Get Onboard Now&apos;)]}" type="org.openqa.selenium.NoSuchElementException">org.openqa.selenium.NoSuchElementException: 
Unable to locate element: //button[contains(text(),'Get Onboard Now')]
For documentation on this error, please visit: https://www.seleniumhq.org/exceptions/no_such_element.html
Build info: version: '3.141.59', revision: 'e82be7d358', time: '2018-11-14T08:17:03'
System info: host: 'ROHANCHOUDHARY1', ip: '192.168.0.106', os.name: 'Windows 10', os.arch: 'amd64', os.version: '10.0', java.version: '1.8.0_291'
Driver info: org.openqa.selenium.firefox.FirefoxDriver
Capabilities {acceptInsecureCerts: true, browserName: firefox, browserVersion: 89.0.2, javascriptEnabled: true, moz:accessibilityChecks: false, moz:buildID: 20210622155641, moz:geckodriverVersion: 0.29.1, moz:headless: false, moz:processID: 71172, moz:profile: C:\Users\rohanchoudhary\App..., moz:shutdownTimeout: 60000, moz:useNonSpecCompliantPointerOrigin: false, moz:webdriverClick: true, pageLoadStrategy: normal, platform: WINDOWS, platformName: WINDOWS, platformVersion: 10.0, setWindowRect: true, strictFileInteractability: false, timeouts: {implicit: 0, pageLoad: 300000, script: 30000}, unhandledPromptBehavior: dismiss and notify}
Session ID: 612e466d-4965-42ee-acaa-2afdce380d2d
*** Element info: {Using=xpath, value=//button[contains(text(),'Get Onboard Now')]}
	at tests.CareerPageTest.careerHiristLink(CareerPageTest.java:16)
</failure>
    <system-out><![CDATA[ INFO [main] (BaseTest.java:166)- Browser opened successfully.
 INFO [main] (BaseTest.java:175)- URL opened successfully.
]]></system-out>
    <system-err><![CDATA[1625174176065	geckodriver	INFO	Listening on 127.0.0.1:15412
1625174176526	mozrunner::runner	INFO	Running command: "C:\\Program Files\\Mozilla Firefox\\firefox.exe" "--marionette" "-foreground" "-no-remote" "-profile" "C:\\Users\\ROHANC~1\\AppData\\Local\\Temp\\rust_mozprofilepcN4kS"
1625174177562	Marionette	INFO	Marionette enabled
console.warn: SearchSettings: "get: No settings file exists, new profile?" (new NotFoundError("Could not open the file at C:\\Users\\rohanchoudhary\\AppData\\Local\\Temp\\rust_mozprofilepcN4kS\\search.json.mozlz4", (void 0)))
1625174181569	Marionette	INFO	Listening on port 56899
1625174181853	Marionette	WARN	TLS certificate errors will be ignored for this session
Jul 02, 2021 2:46:21 AM org.openqa.selenium.remote.ProtocolHandshake createSession
INFO: Detected dialect: W3C
1625174204278	Marionette	INFO	Stopped listening on port 51671
]]></system-err>
  </testcase>
  <testcase name="careerLinkedIn" classname="tests.CareerPageTest" time="9.547">
    <failure message="expected [true] but found [false]" type="java.lang.AssertionError">java.lang.AssertionError: expected [true] but found [false]
	at tests.CareerPageTest.careerLinkedIn(CareerPageTest.java:28)
</failure>
    <system-out><![CDATA[ INFO [main] (BaseTest.java:107)- careerHiristLink TEST CASE FAILED.
\FailedScreenshots\careerHiristLinkTestFailed.jpg INFO [main] (BaseTest.java:183)- Browser closed successfully.
 INFO [main] (BaseTest.java:166)- Browser opened successfully.
 INFO [main] (BaseTest.java:175)- URL opened successfully.
]]></system-out>
    <system-err><![CDATA[
###!!! [Child][RunMessage] Error: Channel closing: too late to send/recv, messages will be lost

1625174205353	Marionette	INFO	Stopped listening on port 56899

###!!! [Child][RunMessage] Error: Channel closing: too late to send/recv, messages will be lost

1625174207132	geckodriver	INFO	Listening on 127.0.0.1:45254
1625174207527	mozrunner::runner	INFO	Running command: "C:\\Program Files\\Mozilla Firefox\\firefox.exe" "--marionette" "-foreground" "-no-remote" "-profile" "C:\\Users\\ROHANC~1\\AppData\\Local\\Temp\\rust_mozprofilerjSq7Y"
1625174208308	Marionette	INFO	Marionette enabled
console.warn: SearchSettings: "get: No settings file exists, new profile?" (new NotFoundError("Could not open the file at C:\\Users\\rohanchoudhary\\AppData\\Local\\Temp\\rust_mozprofilerjSq7Y\\search.json.mozlz4", (void 0)))
1625174212138	Marionette	INFO	Listening on port 63065
1625174212377	Marionette	WARN	TLS certificate errors will be ignored for this session
Jul 02, 2021 2:46:52 AM org.openqa.selenium.remote.ProtocolHandshake createSession
INFO: Detected dialect: W3C
]]></system-err>
  </testcase>
  <testcase name="ContactUsPhone" classname="tests.ContactUsTest" time="0.928"/>
  <testcase name="Support" classname="tests.ContactUsTest" time="8.703"/>
  <testcase name="FaqPageTest" classname="tests.FAQTest" time="21.077">
    <failure message="Unable to locate element: //span[contains(text(),&apos;GENERAL&apos;)]&#10;For documentation on this error, please visit: https://www.seleniumhq.org/exceptions/no_such_element.html&#10;Build info: version: &apos;3.141.59&apos;, revision: &apos;e82be7d358&apos;, time: &apos;2018-11-14T08:17:03&apos;&#10;System info: host: &apos;ROHANCHOUDHARY1&apos;, ip: &apos;192.168.0.106&apos;, os.name: &apos;Windows 10&apos;, os.arch: &apos;amd64&apos;, os.version: &apos;10.0&apos;, java.version: &apos;1.8.0_291&apos;&#10;Driver info: org.openqa.selenium.firefox.FirefoxDriver&#10;Capabilities {acceptInsecureCerts: true, browserName: firefox, browserVersion: 89.0.2, javascriptEnabled: true, moz:accessibilityChecks: false, moz:buildID: 20210622155641, moz:geckodriverVersion: 0.29.1, moz:headless: false, moz:processID: 50412, moz:profile: C:\Users\rohanchoudhary\App..., moz:shutdownTimeout: 60000, moz:useNonSpecCompliantPointerOrigin: false, moz:webdriverClick: true, pageLoadStrategy: normal, platform: WINDOWS, platformName: WINDOWS, platformVersion: 10.0, setWindowRect: true, strictFileInteractability: false, timeouts: {implicit: 0, pageLoad: 300000, script: 30000}, unhandledPromptBehavior: dismiss and notify}&#10;Session ID: 598e1228-8ae1-4319-857c-d2f42a1cfb9d&#10;*** Element info: {Using=xpath, value=//span[contains(text(),&apos;GENERAL&apos;)]}" type="org.openqa.selenium.NoSuchElementException">org.openqa.selenium.NoSuchElementException: 
Unable to locate element: //span[contains(text(),'GENERAL')]
For documentation on this error, please visit: https://www.seleniumhq.org/exceptions/no_such_element.html
Build info: version: '3.141.59', revision: 'e82be7d358', time: '2018-11-14T08:17:03'
System info: host: 'ROHANCHOUDHARY1', ip: '192.168.0.106', os.name: 'Windows 10', os.arch: 'amd64', os.version: '10.0', java.version: '1.8.0_291'
Driver info: org.openqa.selenium.firefox.FirefoxDriver
Capabilities {acceptInsecureCerts: true, browserName: firefox, browserVersion: 89.0.2, javascriptEnabled: true, moz:accessibilityChecks: false, moz:buildID: 20210622155641, moz:geckodriverVersion: 0.29.1, moz:headless: false, moz:processID: 50412, moz:profile: C:\Users\rohanchoudhary\App..., moz:shutdownTimeout: 60000, moz:useNonSpecCompliantPointerOrigin: false, moz:webdriverClick: true, pageLoadStrategy: normal, platform: WINDOWS, platformName: WINDOWS, platformVersion: 10.0, setWindowRect: true, strictFileInteractability: false, timeouts: {implicit: 0, pageLoad: 300000, script: 30000}, unhandledPromptBehavior: dismiss and notify}
Session ID: 598e1228-8ae1-4319-857c-d2f42a1cfb9d
*** Element info: {Using=xpath, value=//span[contains(text(),'GENERAL')]}
	at tests.FAQTest.FaqPageTest(FAQTest.java:15)
</failure>
    <system-out><![CDATA[ INFO [main] (BaseTest.java:109)- Support TEST CASE EXECUTED SUCCESSFULLY.
 INFO [main] (BaseTest.java:183)- Browser closed successfully.
 INFO [main] (BaseTest.java:166)- Browser opened successfully.
 INFO [main] (BaseTest.java:175)- URL opened successfully.
]]></system-out>
    <system-err><![CDATA[1625174253623	Marionette	INFO	Stopped listening on port 53994

###!!! [Child][RunMessage] Error: Channel closing: too late to send/recv, messages will be lost

1625174255549	geckodriver	INFO	Listening on 127.0.0.1:42285
1625174255959	mozrunner::runner	INFO	Running command: "C:\\Program Files\\Mozilla Firefox\\firefox.exe" "--marionette" "-foreground" "-no-remote" "-profile" "C:\\Users\\ROHANC~1\\AppData\\Local\\Temp\\rust_mozprofilepP9m2w"
1625174256663	Marionette	INFO	Marionette enabled
console.warn: SearchSettings: "get: No settings file exists, new profile?" (new NotFoundError("Could not open the file at C:\\Users\\rohanchoudhary\\AppData\\Local\\Temp\\rust_mozprofilepP9m2w\\search.json.mozlz4", (void 0)))
1625174260373	Marionette	INFO	Listening on port 63767
1625174260808	Marionette	WARN	TLS certificate errors will be ignored for this session
Jul 02, 2021 2:47:40 AM org.openqa.selenium.remote.ProtocolHandshake createSession
INFO: Detected dialect: W3C
]]></system-err>
  </testcase>
  <testcase name="ColombiaSiteTest" classname="tests.GlobalSitesTest" time="0.974">
    <failure message="expected:&lt;about:blank&gt; but was:&lt;https://www.redbus.co/&gt;" type="java.lang.AssertionError"><![CDATA[java.lang.AssertionError: expected:<about:blank> but was:<https://www.redbus.co/>
	at tests.GlobalSitesTest.ColombiaSiteTest(GlobalSitesTest.java:25)
]]></failure>
    <system-out><![CDATA[ INFO [main] (BaseTest.java:107)- FaqPageTest TEST CASE FAILED.
\FailedScreenshots\FaqPageTestTestFailed.jpg INFO [main] (BaseTest.java:183)- Browser closed successfully.
 INFO [main] (BaseTest.java:166)- Browser opened successfully.
 INFO [main] (BaseTest.java:175)- URL opened successfully.
]]></system-out>
    <system-err><![CDATA[1625174284364	Marionette	INFO	Stopped listening on port 63767

###!!! [Child][RunMessage] Error: Channel closing: too late to send/recv, messages will be lost

1625174285974	geckodriver	INFO	Listening on 127.0.0.1:14999
1625174286455	mozrunner::runner	INFO	Running command: "C:\\Program Files\\Mozilla Firefox\\firefox.exe" "--marionette" "-foreground" "-no-remote" "-profile" "C:\\Users\\ROHANC~1\\AppData\\Local\\Temp\\rust_mozprofiler3a4RJ"
1625174287238	Marionette	INFO	Marionette enabled
console.warn: SearchSettings: "get: No settings file exists, new profile?" (new NotFoundError("Could not open the file at C:\\Users\\rohanchoudhary\\AppData\\Local\\Temp\\rust_mozprofiler3a4RJ\\search.json.mozlz4", (void 0)))
1625174291423	Marionette	INFO	Listening on port 61156
1625174291806	Marionette	WARN	TLS certificate errors will be ignored for this session
Jul 02, 2021 2:48:11 AM org.openqa.selenium.remote.ProtocolHandshake createSession
INFO: Detected dialect: W3C
]]></system-err>
  </testcase>
  <testcase name="SingaporeSiteTest" classname="tests.GlobalSitesTest" time="0.952">
    <failure message="expected:&lt;about:blank&gt; but was:&lt;https://www.redbus.sg/&gt;" type="java.lang.AssertionError"><![CDATA[java.lang.AssertionError: expected:<about:blank> but was:<https://www.redbus.sg/>
	at tests.GlobalSitesTest.SingaporeSiteTest(GlobalSitesTest.java:17)
]]></failure>
    <system-out><![CDATA[ INFO [main] (BaseTest.java:107)- ColombiaSiteTest TEST CASE FAILED.
\FailedScreenshots\ColombiaSiteTestTestFailed.jpg INFO [main] (BaseTest.java:183)- Browser closed successfully.
 INFO [main] (BaseTest.java:166)- Browser opened successfully.
 INFO [main] (BaseTest.java:175)- URL opened successfully.
]]></system-out>
    <system-err><![CDATA[1625174294894	Marionette	INFO	Stopped listening on port 61156

###!!! [Child][RunMessage] Error: Channel closing: too late to send/recv, messages will be lost

1625174296331	geckodriver	INFO	Listening on 127.0.0.1:4572
1625174296832	mozrunner::runner	INFO	Running command: "C:\\Program Files\\Mozilla Firefox\\firefox.exe" "--marionette" "-foreground" "-no-remote" "-profile" "C:\\Users\\ROHANC~1\\AppData\\Local\\Temp\\rust_mozprofileyK6umA"
1625174297737	Marionette	INFO	Marionette enabled
console.warn: SearchSettings: "get: No settings file exists, new profile?" (new NotFoundError("Could not open the file at C:\\Users\\rohanchoudhary\\AppData\\Local\\Temp\\rust_mozprofileyK6umA\\search.json.mozlz4", (void 0)))
1625174301647	Marionette	INFO	Listening on port 58805
1625174302171	Marionette	WARN	TLS certificate errors will be ignored for this session
Jul 02, 2021 2:48:22 AM org.openqa.selenium.remote.ProtocolHandshake createSession
INFO: Detected dialect: W3C
]]></system-err>
  </testcase>
  <testcase name="busTicketPageMenuTest" classname="tests.HomePageSearchTest" time="7.192">
    <failure message="expected:&lt;Online Bus Tickets Booking: Book Bus Ticket and Bus Reservation -redBus India&gt; but was:&lt;Search Bus Tickets&gt;" type="java.lang.AssertionError"><![CDATA[java.lang.AssertionError: expected:<Online Bus Tickets Booking: Book Bus Ticket and Bus Reservation -redBus India> but was:<Search Bus Tickets>
	at tests.HomePageSearchTest.busTicketPageMenuTest(HomePageSearchTest.java:39)
]]></failure>
    <system-out><![CDATA[ INFO [main] (BaseTest.java:107)- SingaporeSiteTest TEST CASE FAILED.
\FailedScreenshots\SingaporeSiteTestTestFailed.jpg INFO [main] (BaseTest.java:183)- Browser closed successfully.
 INFO [main] (BaseTest.java:166)- Browser opened successfully.
 INFO [main] (BaseTest.java:175)- URL opened successfully.
]]></system-out>
    <system-err><![CDATA[1625174305135	Marionette	INFO	Stopped listening on port 58805
[Child 67364, IPC I/O Child] WARNING: pipe error: 232: file /builds/worker/checkouts/gecko/ipc/chromium/src/chrome/common/ipc_channel_win.cc:544

###!!! [Child][RunMessage] Error: Channel error: cannot send/recv


###!!! [Child][RunMessage] Error: Channel closing: too late to send/recv, messages will be lost

1625174306581	geckodriver	INFO	Listening on 127.0.0.1:34146
1625174307048	mozrunner::runner	INFO	Running command: "C:\\Program Files\\Mozilla Firefox\\firefox.exe" "--marionette" "-foreground" "-no-remote" "-profile" "C:\\Users\\ROHANC~1\\AppData\\Local\\Temp\\rust_mozprofileBDB2Nw"
1625174307993	Marionette	INFO	Marionette enabled
console.warn: SearchSettings: "get: No settings file exists, new profile?" (new NotFoundError("Could not open the file at C:\\Users\\rohanchoudhary\\AppData\\Local\\Temp\\rust_mozprofileBDB2Nw\\search.json.mozlz4", (void 0)))
1625174311823	Marionette	INFO	Listening on port 52044
1625174311884	Marionette	WARN	TLS certificate errors will be ignored for this session
Jul 02, 2021 2:48:31 AM org.openqa.selenium.remote.ProtocolHandshake createSession
INFO: Detected dialect: W3C
JavaScript error: https://www.gstatic.com/recaptcha/releases/TbD3vPFlUWKZD-9L4ZxB0HJI/recaptcha__en.js, line 193: Error: reCAPTCHA placeholder element must be an element or id
]]></system-err>
  </testcase>
  <testcase name="closeBrowser" classname="tests.HomePageSearchTest" time="9.023">
    <failure message="Tried to run command without establishing a connection&#10;Build info: version: &apos;3.141.59&apos;, revision: &apos;e82be7d358&apos;, time: &apos;2018-11-14T08:17:03&apos;&#10;System info: host: &apos;ROHANCHOUDHARY1&apos;, ip: &apos;192.168.0.106&apos;, os.name: &apos;Windows 10&apos;, os.arch: &apos;amd64&apos;, os.version: &apos;10.0&apos;, java.version: &apos;1.8.0_291&apos;&#10;Driver info: org.openqa.selenium.firefox.FirefoxDriver&#10;Capabilities {acceptInsecureCerts: true, browserName: firefox, browserVersion: 89.0.2, javascriptEnabled: true, moz:accessibilityChecks: false, moz:buildID: 20210622155641, moz:geckodriverVersion: 0.29.1, moz:headless: false, moz:processID: 67812, moz:profile: C:\Users\rohanchoudhary\App..., moz:shutdownTimeout: 60000, moz:useNonSpecCompliantPointerOrigin: false, moz:webdriverClick: true, pageLoadStrategy: normal, platform: WINDOWS, platformName: WINDOWS, platformVersion: 10.0, setWindowRect: true, strictFileInteractability: false, timeouts: {implicit: 0, pageLoad: 300000, script: 30000}, unhandledPromptBehavior: dismiss and notify}&#10;Session ID: a90ee7dd-5840-48a9-bc46-3f5db2b9e495" type="org.openqa.selenium.NoSuchSessionException">org.openqa.selenium.NoSuchSessionException: 
Tried to run command without establishing a connection
Build info: version: '3.141.59', revision: 'e82be7d358', time: '2018-11-14T08:17:03'
System info: host: 'ROHANCHOUDHARY1', ip: '192.168.0.106', os.name: 'Windows 10', os.arch: 'amd64', os.version: '10.0', java.version: '1.8.0_291'
Driver info: org.openqa.selenium.firefox.FirefoxDriver
Capabilities {acceptInsecureCerts: true, browserName: firefox, browserVersion: 89.0.2, javascriptEnabled: true, moz:accessibilityChecks: false, moz:buildID: 20210622155641, moz:geckodriverVersion: 0.29.1, moz:headless: false, moz:processID: 67812, moz:profile: C:\Users\rohanchoudhary\App..., moz:shutdownTimeout: 60000, moz:useNonSpecCompliantPointerOrigin: false, moz:webdriverClick: true, pageLoadStrategy: normal, platform: WINDOWS, platformName: WINDOWS, platformVersion: 10.0, setWindowRect: true, strictFileInteractability: false, timeouts: {implicit: 0, pageLoad: 300000, script: 30000}, unhandledPromptBehavior: dismiss and notify}
Session ID: a90ee7dd-5840-48a9-bc46-3f5db2b9e495
</failure>
    <system-out><![CDATA[ INFO [main] (BaseTest.java:107)- busTicketPageMenuTest TEST CASE FAILED.
\FailedScreenshots\busTicketPageMenuTestTestFailed.jpg]]></system-out>
    <system-err><![CDATA[1625174321251	Marionette	INFO	Stopped listening on port 52044

###!!! [Child][RunMessage] Error: Channel closing: too late to send/recv, messages will be lost

]]></system-err>
  </testcase>
  <testcase name="closeBrowser" classname="tests.HomePageSearchTest" time="0">
    <skipped/>
  </testcase>
  <testcase name="closeBrowser" classname="tests.HomePageSearchTest" time="0">
    <skipped/>
  </testcase>
  <testcase name="intializeWebdriver" classname="tests.HomePageSearchTest" time="0">
    <skipped/>
  </testcase>
  <testcase name="intializeWebdriver" classname="tests.HomePageSearchTest" time="0">
    <skipped/>
  </testcase>
  <testcase name="openBrowser" classname="tests.HomePageSearchTest" time="0">
    <skipped/>
  </testcase>
  <testcase name="openBrowser" classname="tests.HomePageSearchTest" time="0">
    <skipped/>
  </testcase>
  <testcase name="homePageSearchTest" classname="tests.HomePageSearchTest" time="0">
    <skipped message="Tried to run command without establishing a connection&#10;Build info: version: &apos;3.141.59&apos;, revision: &apos;e82be7d358&apos;, time: &apos;2018-11-14T08:17:03&apos;&#10;System info: host: &apos;ROHANCHOUDHARY1&apos;, ip: &apos;192.168.0.106&apos;, os.name: &apos;Windows 10&apos;, os.arch: &apos;amd64&apos;, os.version: &apos;10.0&apos;, java.version: &apos;1.8.0_291&apos;&#10;Driver info: org.openqa.selenium.firefox.FirefoxDriver&#10;Capabilities {acceptInsecureCerts: true, browserName: firefox, browserVersion: 89.0.2, javascriptEnabled: true, moz:accessibilityChecks: false, moz:buildID: 20210622155641, moz:geckodriverVersion: 0.29.1, moz:headless: false, moz:processID: 67812, moz:profile: C:\Users\rohanchoudhary\App..., moz:shutdownTimeout: 60000, moz:useNonSpecCompliantPointerOrigin: false, moz:webdriverClick: true, pageLoadStrategy: normal, platform: WINDOWS, platformName: WINDOWS, platformVersion: 10.0, setWindowRect: true, strictFileInteractability: false, timeouts: {implicit: 0, pageLoad: 300000, script: 30000}, unhandledPromptBehavior: dismiss and notify}&#10;Session ID: a90ee7dd-5840-48a9-bc46-3f5db2b9e495"/>
  </testcase>
  <testcase name="Logger" classname="tests.HomePageSearchTest" time="0">
    <skipped/>
  </testcase>
  <testcase name="Logger" classname="tests.HomePageSearchTest" time="0">
    <skipped/>
  </testcase>
  <testcase name="attachScreenShot" classname="tests.HomePageSearchTest" time="0">
    <skipped/>
  </testcase>
  <testcase name="attachScreenShot" classname="tests.HomePageSearchTest" time="0">
    <skipped/>
  </testcase>
  <testcase name="modifySearch" classname="tests.HomePageSearchTest" time="0">
    <skipped message="Tried to run command without establishing a connection&#10;Build info: version: &apos;3.141.59&apos;, revision: &apos;e82be7d358&apos;, time: &apos;2018-11-14T08:17:03&apos;&#10;System info: host: &apos;ROHANCHOUDHARY1&apos;, ip: &apos;192.168.0.106&apos;, os.name: &apos;Windows 10&apos;, os.arch: &apos;amd64&apos;, os.version: &apos;10.0&apos;, java.version: &apos;1.8.0_291&apos;&#10;Driver info: org.openqa.selenium.firefox.FirefoxDriver&#10;Capabilities {acceptInsecureCerts: true, browserName: firefox, browserVersion: 89.0.2, javascriptEnabled: true, moz:accessibilityChecks: false, moz:buildID: 20210622155641, moz:geckodriverVersion: 0.29.1, moz:headless: false, moz:processID: 67812, moz:profile: C:\Users\rohanchoudhary\App..., moz:shutdownTimeout: 60000, moz:useNonSpecCompliantPointerOrigin: false, moz:webdriverClick: true, pageLoadStrategy: normal, platform: WINDOWS, platformName: WINDOWS, platformVersion: 10.0, setWindowRect: true, strictFileInteractability: false, timeouts: {implicit: 0, pageLoad: 300000, script: 30000}, unhandledPromptBehavior: dismiss and notify}&#10;Session ID: a90ee7dd-5840-48a9-bc46-3f5db2b9e495"/>
  </testcase>
  <testcase name="InvalidLogin" classname="tests.LoginTest" time="0.921"/>
  <testcase name="closeBrowser" classname="tests.LoginTest" time="2.474">
    <failure message="Tried to run command without establishing a connection&#10;Build info: version: &apos;3.141.59&apos;, revision: &apos;e82be7d358&apos;, time: &apos;2018-11-14T08:17:03&apos;&#10;System info: host: &apos;ROHANCHOUDHARY1&apos;, ip: &apos;192.168.0.106&apos;, os.name: &apos;Windows 10&apos;, os.arch: &apos;amd64&apos;, os.version: &apos;10.0&apos;, java.version: &apos;1.8.0_291&apos;&#10;Driver info: org.openqa.selenium.firefox.FirefoxDriver&#10;Capabilities {acceptInsecureCerts: true, browserName: firefox, browserVersion: 89.0.2, javascriptEnabled: true, moz:accessibilityChecks: false, moz:buildID: 20210622155641, moz:geckodriverVersion: 0.29.1, moz:headless: false, moz:processID: 68720, moz:profile: C:\Users\rohanchoudhary\App..., moz:shutdownTimeout: 60000, moz:useNonSpecCompliantPointerOrigin: false, moz:webdriverClick: true, pageLoadStrategy: normal, platform: WINDOWS, platformName: WINDOWS, platformVersion: 10.0, setWindowRect: true, strictFileInteractability: false, timeouts: {implicit: 0, pageLoad: 300000, script: 30000}, unhandledPromptBehavior: dismiss and notify}&#10;Session ID: 8fb0a5d3-c08a-4d79-b199-ddd84f7b5c6e" type="org.openqa.selenium.NoSuchSessionException">org.openqa.selenium.NoSuchSessionException: 
Tried to run command without establishing a connection
Build info: version: '3.141.59', revision: 'e82be7d358', time: '2018-11-14T08:17:03'
System info: host: 'ROHANCHOUDHARY1', ip: '192.168.0.106', os.name: 'Windows 10', os.arch: 'amd64', os.version: '10.0', java.version: '1.8.0_291'
Driver info: org.openqa.selenium.firefox.FirefoxDriver
Capabilities {acceptInsecureCerts: true, browserName: firefox, browserVersion: 89.0.2, javascriptEnabled: true, moz:accessibilityChecks: false, moz:buildID: 20210622155641, moz:geckodriverVersion: 0.29.1, moz:headless: false, moz:processID: 68720, moz:profile: C:\Users\rohanchoudhary\App..., moz:shutdownTimeout: 60000, moz:useNonSpecCompliantPointerOrigin: false, moz:webdriverClick: true, pageLoadStrategy: normal, platform: WINDOWS, platformName: WINDOWS, platformVersion: 10.0, setWindowRect: true, strictFileInteractability: false, timeouts: {implicit: 0, pageLoad: 300000, script: 30000}, unhandledPromptBehavior: dismiss and notify}
Session ID: 8fb0a5d3-c08a-4d79-b199-ddd84f7b5c6e
</failure>
    <system-out><![CDATA[ INFO [main] (BaseTest.java:109)- InvalidLogin TEST CASE EXECUTED SUCCESSFULLY.
]]></system-out>
    <system-err><![CDATA[JavaScript error: resource://gre/modules/XULStore.jsm, line 66: Error: Can't find profile directory.
JavaScript error: resource://gre/modules/XULStore.jsm, line 66: Error: Can't find profile directory.
1625174331659	Marionette	INFO	Stopped listening on port 55814
JavaScript error: resource://gre/modules/Sqlite.jsm, line 1030: Error: Sqlite.jsm has been shutdown. Cannot open connection to: C:\Users\rohanchoudhary\AppData\Local\Temp\rust_mozprofilePwZxUf\protections.sqlite

###!!! [Child][RunMessage] Error: Channel closing: too late to send/recv, messages will be lost

]]></system-err>
  </testcase>
  <testcase name="closeBrowser" classname="tests.LoginTest" time="0">
    <skipped/>
  </testcase>
  <testcase name="intializeWebdriver" classname="tests.LoginTest" time="0">
    <skipped/>
  </testcase>
  <testcase name="openBrowser" classname="tests.LoginTest" time="0">
    <skipped/>
  </testcase>
  <testcase name="ValidLogin" classname="tests.LoginTest" time="0">
    <skipped message="Tried to run command without establishing a connection&#10;Build info: version: &apos;3.141.59&apos;, revision: &apos;e82be7d358&apos;, time: &apos;2018-11-14T08:17:03&apos;&#10;System info: host: &apos;ROHANCHOUDHARY1&apos;, ip: &apos;192.168.0.106&apos;, os.name: &apos;Windows 10&apos;, os.arch: &apos;amd64&apos;, os.version: &apos;10.0&apos;, java.version: &apos;1.8.0_291&apos;&#10;Driver info: org.openqa.selenium.firefox.FirefoxDriver&#10;Capabilities {acceptInsecureCerts: true, browserName: firefox, browserVersion: 89.0.2, javascriptEnabled: true, moz:accessibilityChecks: false, moz:buildID: 20210622155641, moz:geckodriverVersion: 0.29.1, moz:headless: false, moz:processID: 68720, moz:profile: C:\Users\rohanchoudhary\App..., moz:shutdownTimeout: 60000, moz:useNonSpecCompliantPointerOrigin: false, moz:webdriverClick: true, pageLoadStrategy: normal, platform: WINDOWS, platformName: WINDOWS, platformVersion: 10.0, setWindowRect: true, strictFileInteractability: false, timeouts: {implicit: 0, pageLoad: 300000, script: 30000}, unhandledPromptBehavior: dismiss and notify}&#10;Session ID: 8fb0a5d3-c08a-4d79-b199-ddd84f7b5c6e"/>
  </testcase>
  <testcase name="Logger" classname="tests.LoginTest" time="0">
    <skipped/>
  </testcase>
  <testcase name="attachScreenShot" classname="tests.LoginTest" time="0">
    <skipped/>
  </testcase>
  <testcase name="InvalidCancelTicket" classname="tests.ManageBookingTest" time="1.206"/>
  <testcase name="closeBrowser" classname="tests.ManageBookingTest" time="2.817">
    <failure message="Tried to run command without establishing a connection&#10;Build info: version: &apos;3.141.59&apos;, revision: &apos;e82be7d358&apos;, time: &apos;2018-11-14T08:17:03&apos;&#10;System info: host: &apos;ROHANCHOUDHARY1&apos;, ip: &apos;192.168.0.106&apos;, os.name: &apos;Windows 10&apos;, os.arch: &apos;amd64&apos;, os.version: &apos;10.0&apos;, java.version: &apos;1.8.0_291&apos;&#10;Driver info: org.openqa.selenium.firefox.FirefoxDriver&#10;Capabilities {acceptInsecureCerts: true, browserName: firefox, browserVersion: 89.0.2, javascriptEnabled: true, moz:accessibilityChecks: false, moz:buildID: 20210622155641, moz:geckodriverVersion: 0.29.1, moz:headless: false, moz:processID: 63056, moz:profile: C:\Users\rohanchoudhary\App..., moz:shutdownTimeout: 60000, moz:useNonSpecCompliantPointerOrigin: false, moz:webdriverClick: true, pageLoadStrategy: normal, platform: WINDOWS, platformName: WINDOWS, platformVersion: 10.0, setWindowRect: true, strictFileInteractability: false, timeouts: {implicit: 0, pageLoad: 300000, script: 30000}, unhandledPromptBehavior: dismiss and notify}&#10;Session ID: b4aef77b-6625-4c7d-a916-91f2de612a03" type="org.openqa.selenium.NoSuchSessionException">org.openqa.selenium.NoSuchSessionException: 
Tried to run command without establishing a connection
Build info: version: '3.141.59', revision: 'e82be7d358', time: '2018-11-14T08:17:03'
System info: host: 'ROHANCHOUDHARY1', ip: '192.168.0.106', os.name: 'Windows 10', os.arch: 'amd64', os.version: '10.0', java.version: '1.8.0_291'
Driver info: org.openqa.selenium.firefox.FirefoxDriver
Capabilities {acceptInsecureCerts: true, browserName: firefox, browserVersion: 89.0.2, javascriptEnabled: true, moz:accessibilityChecks: false, moz:buildID: 20210622155641, moz:geckodriverVersion: 0.29.1, moz:headless: false, moz:processID: 63056, moz:profile: C:\Users\rohanchoudhary\App..., moz:shutdownTimeout: 60000, moz:useNonSpecCompliantPointerOrigin: false, moz:webdriverClick: true, pageLoadStrategy: normal, platform: WINDOWS, platformName: WINDOWS, platformVersion: 10.0, setWindowRect: true, strictFileInteractability: false, timeouts: {implicit: 0, pageLoad: 300000, script: 30000}, unhandledPromptBehavior: dismiss and notify}
Session ID: b4aef77b-6625-4c7d-a916-91f2de612a03
</failure>
    <system-out><![CDATA[ INFO [main] (BaseTest.java:109)- InvalidCancelTicket TEST CASE EXECUTED SUCCESSFULLY.
]]></system-out>
    <system-err><![CDATA[1625174342715	Marionette	INFO	Stopped listening on port 54869

###!!! [Child][RunMessage] Error: Channel closing: too late to send/recv, messages will be lost

]]></system-err>
  </testcase>
  <testcase name="closeBrowser" classname="tests.ManageBookingTest" time="0">
    <skipped/>
  </testcase>
  <testcase name="closeBrowser" classname="tests.ManageBookingTest" time="0">
    <skipped/>
  </testcase>
  <testcase name="closeBrowser" classname="tests.ManageBookingTest" time="0">
    <skipped/>
  </testcase>
  <testcase name="intializeWebdriver" classname="tests.ManageBookingTest" time="0">
    <skipped/>
  </testcase>
  <testcase name="intializeWebdriver" classname="tests.ManageBookingTest" time="0">
    <skipped/>
  </testcase>
  <testcase name="intializeWebdriver" classname="tests.ManageBookingTest" time="0">
    <skipped/>
  </testcase>
  <testcase name="openBrowser" classname="tests.ManageBookingTest" time="0">
    <skipped/>
  </testcase>
  <testcase name="openBrowser" classname="tests.ManageBookingTest" time="0">
    <skipped/>
  </testcase>
  <testcase name="openBrowser" classname="tests.ManageBookingTest" time="0">
    <skipped/>
  </testcase>
  <testcase name="InvalidEmailSms" classname="tests.ManageBookingTest" time="0">
    <skipped message="Tried to run command without establishing a connection&#10;Build info: version: &apos;3.141.59&apos;, revision: &apos;e82be7d358&apos;, time: &apos;2018-11-14T08:17:03&apos;&#10;System info: host: &apos;ROHANCHOUDHARY1&apos;, ip: &apos;192.168.0.106&apos;, os.name: &apos;Windows 10&apos;, os.arch: &apos;amd64&apos;, os.version: &apos;10.0&apos;, java.version: &apos;1.8.0_291&apos;&#10;Driver info: org.openqa.selenium.firefox.FirefoxDriver&#10;Capabilities {acceptInsecureCerts: true, browserName: firefox, browserVersion: 89.0.2, javascriptEnabled: true, moz:accessibilityChecks: false, moz:buildID: 20210622155641, moz:geckodriverVersion: 0.29.1, moz:headless: false, moz:processID: 63056, moz:profile: C:\Users\rohanchoudhary\App..., moz:shutdownTimeout: 60000, moz:useNonSpecCompliantPointerOrigin: false, moz:webdriverClick: true, pageLoadStrategy: normal, platform: WINDOWS, platformName: WINDOWS, platformVersion: 10.0, setWindowRect: true, strictFileInteractability: false, timeouts: {implicit: 0, pageLoad: 300000, script: 30000}, unhandledPromptBehavior: dismiss and notify}&#10;Session ID: b4aef77b-6625-4c7d-a916-91f2de612a03"/>
  </testcase>
  <testcase name="Logger" classname="tests.ManageBookingTest" time="0">
    <skipped/>
  </testcase>
  <testcase name="Logger" classname="tests.ManageBookingTest" time="0">
    <skipped/>
  </testcase>
  <testcase name="Logger" classname="tests.ManageBookingTest" time="0">
    <skipped/>
  </testcase>
  <testcase name="attachScreenShot" classname="tests.ManageBookingTest" time="0">
    <skipped/>
  </testcase>
  <testcase name="attachScreenShot" classname="tests.ManageBookingTest" time="0">
    <skipped/>
  </testcase>
  <testcase name="attachScreenShot" classname="tests.ManageBookingTest" time="0">
    <skipped/>
  </testcase>
  <testcase name="InvalidShowMyTicket" classname="tests.ManageBookingTest" time="0">
    <skipped message="Tried to run command without establishing a connection&#10;Build info: version: &apos;3.141.59&apos;, revision: &apos;e82be7d358&apos;, time: &apos;2018-11-14T08:17:03&apos;&#10;System info: host: &apos;ROHANCHOUDHARY1&apos;, ip: &apos;192.168.0.106&apos;, os.name: &apos;Windows 10&apos;, os.arch: &apos;amd64&apos;, os.version: &apos;10.0&apos;, java.version: &apos;1.8.0_291&apos;&#10;Driver info: org.openqa.selenium.firefox.FirefoxDriver&#10;Capabilities {acceptInsecureCerts: true, browserName: firefox, browserVersion: 89.0.2, javascriptEnabled: true, moz:accessibilityChecks: false, moz:buildID: 20210622155641, moz:geckodriverVersion: 0.29.1, moz:headless: false, moz:processID: 63056, moz:profile: C:\Users\rohanchoudhary\App..., moz:shutdownTimeout: 60000, moz:useNonSpecCompliantPointerOrigin: false, moz:webdriverClick: true, pageLoadStrategy: normal, platform: WINDOWS, platformName: WINDOWS, platformVersion: 10.0, setWindowRect: true, strictFileInteractability: false, timeouts: {implicit: 0, pageLoad: 300000, script: 30000}, unhandledPromptBehavior: dismiss and notify}&#10;Session ID: b4aef77b-6625-4c7d-a916-91f2de612a03"/>
  </testcase>
  <testcase name="InvalidchangeTravelDate" classname="tests.ManageBookingTest" time="0">
    <skipped message="Tried to run command without establishing a connection&#10;Build info: version: &apos;3.141.59&apos;, revision: &apos;e82be7d358&apos;, time: &apos;2018-11-14T08:17:03&apos;&#10;System info: host: &apos;ROHANCHOUDHARY1&apos;, ip: &apos;192.168.0.106&apos;, os.name: &apos;Windows 10&apos;, os.arch: &apos;amd64&apos;, os.version: &apos;10.0&apos;, java.version: &apos;1.8.0_291&apos;&#10;Driver info: org.openqa.selenium.firefox.FirefoxDriver&#10;Capabilities {acceptInsecureCerts: true, browserName: firefox, browserVersion: 89.0.2, javascriptEnabled: true, moz:accessibilityChecks: false, moz:buildID: 20210622155641, moz:geckodriverVersion: 0.29.1, moz:headless: false, moz:processID: 63056, moz:profile: C:\Users\rohanchoudhary\App..., moz:shutdownTimeout: 60000, moz:useNonSpecCompliantPointerOrigin: false, moz:webdriverClick: true, pageLoadStrategy: normal, platform: WINDOWS, platformName: WINDOWS, platformVersion: 10.0, setWindowRect: true, strictFileInteractability: false, timeouts: {implicit: 0, pageLoad: 300000, script: 30000}, unhandledPromptBehavior: dismiss and notify}&#10;Session ID: b4aef77b-6625-4c7d-a916-91f2de612a03"/>
  </testcase>
  <testcase name="privacyLinkTest" classname="tests.PrivacyLinkTest" time="1.61"/>
  <testcase name="androidAppLink" classname="tests.RPoolAppDownloadTest" time="2.529">
    <failure message="expected:&lt;about:blank&gt; but was:&lt;https://play.google.com/store/apps/details?id=in.redbus.android&amp;amp;hl=en&gt;" type="java.lang.AssertionError"><![CDATA[java.lang.AssertionError: expected:<about:blank> but was:<https://play.google.com/store/apps/details?id=in.redbus.android&amp;hl=en>
	at tests.RPoolAppDownloadTest.androidAppLink(RPoolAppDownloadTest.java:16)
]]></failure>
    <system-out><![CDATA[ INFO [main] (BaseTest.java:109)- privacyLinkTest TEST CASE EXECUTED SUCCESSFULLY.
 INFO [main] (BaseTest.java:183)- Browser closed successfully.
 INFO [main] (BaseTest.java:166)- Browser opened successfully.
 INFO [main] (BaseTest.java:175)- URL opened successfully.
]]></system-out>
    <system-err><![CDATA[JavaScript error: resource:///modules/FaviconLoader.jsm, line 596: InvalidStateError: JSWindowActorChild.sendAsyncMessage: JSWindowActorChild cannot send at the moment
1625174354167	Marionette	INFO	Stopped listening on port 55932

###!!! [Child][RunMessage] Error: Channel closing: too late to send/recv, messages will be lost

1625174355678	geckodriver	INFO	Listening on 127.0.0.1:16403
1625174356125	mozrunner::runner	INFO	Running command: "C:\\Program Files\\Mozilla Firefox\\firefox.exe" "--marionette" "-foreground" "-no-remote" "-profile" "C:\\Users\\ROHANC~1\\AppData\\Local\\Temp\\rust_mozprofilehdkyvp"
1625174357102	Marionette	INFO	Marionette enabled
console.warn: SearchSettings: "get: No settings file exists, new profile?" (new NotFoundError("Could not open the file at C:\\Users\\rohanchoudhary\\AppData\\Local\\Temp\\rust_mozprofilehdkyvp\\search.json.mozlz4", (void 0)))
1625174361444	Marionette	INFO	Listening on port 63253
1625174361986	Marionette	WARN	TLS certificate errors will be ignored for this session
Jul 02, 2021 2:49:22 AM org.openqa.selenium.remote.ProtocolHandshake createSession
INFO: Detected dialect: W3C
]]></system-err>
  </testcase>
  <testcase name="iosAppLink" classname="tests.RPoolAppDownloadTest" time="3.247">
    <failure message="expected:&lt;about:blank&gt; but was:&lt;https://apps.apple.com/in/app/redbus/id733712604&gt;" type="java.lang.AssertionError"><![CDATA[java.lang.AssertionError: expected:<about:blank> but was:<https://apps.apple.com/in/app/redbus/id733712604>
	at tests.RPoolAppDownloadTest.iosAppLink(RPoolAppDownloadTest.java:24)
]]></failure>
    <system-out><![CDATA[ INFO [main] (BaseTest.java:107)- androidAppLink TEST CASE FAILED.
\FailedScreenshots\androidAppLinkTestFailed.jpg INFO [main] (BaseTest.java:183)- Browser closed successfully.
 INFO [main] (BaseTest.java:166)- Browser opened successfully.
 INFO [main] (BaseTest.java:175)- URL opened successfully.
]]></system-out>
    <system-err><![CDATA[1625174367003	Marionette	INFO	Stopped listening on port 63253
[Child 66152, IPC I/O Child] WARNING: pipe error: 232: file /builds/worker/checkouts/gecko/ipc/chromium/src/chrome/common/ipc_channel_win.cc:544

###!!! [Child][RunMessage] Error: Channel closing: too late to send/recv, messages will be lost


###!!! [Child][RunMessage] Error: Channel closing: too late to send/recv, messages will be lost


###!!! [Child][RunMessage] Error: Channel closing: too late to send/recv, messages will be lost

1625174368720	geckodriver	INFO	Listening on 127.0.0.1:18147
1625174369204	mozrunner::runner	INFO	Running command: "C:\\Program Files\\Mozilla Firefox\\firefox.exe" "--marionette" "-foreground" "-no-remote" "-profile" "C:\\Users\\ROHANC~1\\AppData\\Local\\Temp\\rust_mozprofileYS3Woe"
1625174369982	Marionette	INFO	Marionette enabled
console.warn: SearchSettings: "get: No settings file exists, new profile?" (new NotFoundError("Could not open the file at C:\\Users\\rohanchoudhary\\AppData\\Local\\Temp\\rust_mozprofileYS3Woe\\search.json.mozlz4", (void 0)))
1625174374835	Marionette	INFO	Listening on port 54769
1625174375104	Marionette	WARN	TLS certificate errors will be ignored for this session
Jul 02, 2021 2:49:35 AM org.openqa.selenium.remote.ProtocolHandshake createSession
INFO: Detected dialect: W3C
]]></system-err>
  </testcase>
  <testcase name="attachScreenShot" classname="tests.RPoolAppDownloadTest" time="3.364">
    <failure message="[Exception... &quot;Data conversion failed because significant data would be lost&quot;  nsresult: &quot;0x80460003 (NS_ERROR_LOSS_OF_SIGNIFICANT_DATA)&quot;  location: &quot;&lt;unknown&gt;&quot;  data: no]&#10;Build info: version: &apos;3.141.59&apos;, revision: &apos;e82be7d358&apos;, time: &apos;2018-11-14T08:17:03&apos;&#10;System info: host: &apos;ROHANCHOUDHARY1&apos;, ip: &apos;192.168.0.106&apos;, os.name: &apos;Windows 10&apos;, os.arch: &apos;amd64&apos;, os.version: &apos;10.0&apos;, java.version: &apos;1.8.0_291&apos;&#10;Driver info: org.openqa.selenium.firefox.FirefoxDriver&#10;Capabilities {acceptInsecureCerts: true, browserName: firefox, browserVersion: 89.0.2, javascriptEnabled: true, moz:accessibilityChecks: false, moz:buildID: 20210622155641, moz:geckodriverVersion: 0.29.1, moz:headless: false, moz:processID: 62588, moz:profile: C:\Users\rohanchoudhary\App..., moz:shutdownTimeout: 60000, moz:useNonSpecCompliantPointerOrigin: false, moz:webdriverClick: true, pageLoadStrategy: normal, platform: WINDOWS, platformName: WINDOWS, platformVersion: 10.0, setWindowRect: true, strictFileInteractability: false, timeouts: {implicit: 0, pageLoad: 300000, script: 30000}, unhandledPromptBehavior: dismiss and notify}&#10;Session ID: 0085109a-afa6-4115-a08b-542888a96d00" type="org.openqa.selenium.WebDriverException"><![CDATA[org.openqa.selenium.WebDriverException: 
[Exception... "Data conversion failed because significant data would be lost"  nsresult: "0x80460003 (NS_ERROR_LOSS_OF_SIGNIFICANT_DATA)"  location: "<unknown>"  data: no]
Build info: version: '3.141.59', revision: 'e82be7d358', time: '2018-11-14T08:17:03'
System info: host: 'ROHANCHOUDHARY1', ip: '192.168.0.106', os.name: 'Windows 10', os.arch: 'amd64', os.version: '10.0', java.version: '1.8.0_291'
Driver info: org.openqa.selenium.firefox.FirefoxDriver
Capabilities {acceptInsecureCerts: true, browserName: firefox, browserVersion: 89.0.2, javascriptEnabled: true, moz:accessibilityChecks: false, moz:buildID: 20210622155641, moz:geckodriverVersion: 0.29.1, moz:headless: false, moz:processID: 62588, moz:profile: C:\Users\rohanchoudhary\App..., moz:shutdownTimeout: 60000, moz:useNonSpecCompliantPointerOrigin: false, moz:webdriverClick: true, pageLoadStrategy: normal, platform: WINDOWS, platformName: WINDOWS, platformVersion: 10.0, setWindowRect: true, strictFileInteractability: false, timeouts: {implicit: 0, pageLoad: 300000, script: 30000}, unhandledPromptBehavior: dismiss and notify}
Session ID: 0085109a-afa6-4115-a08b-542888a96d00
]]></failure>
    <system-out><![CDATA[ INFO [main] (BaseTest.java:107)- iosAppLink TEST CASE FAILED.
]]></system-out>
    <system-err><![CDATA[Marionette threw an error: [Exception... "Data conversion failed because significant data would be lost"  nsresult: "0x80460003 (NS_ERROR_LOSS_OF_SIGNIFICANT_DATA)"  location: "<unknown>"  data: no]

]]></system-err>
  </testcase>
  <testcase name="closeBrowser" classname="tests.RPoolAppDownloadTest" time="0">
    <skipped/>
  </testcase>
  <testcase name="fbCheck" classname="tests.SocialMediaTest" time="1.178">
    <failure message="expected:&lt;about:blank&gt; but was:&lt;https://www.facebook.com/redBus.in/&gt;" type="java.lang.AssertionError"><![CDATA[java.lang.AssertionError: expected:<about:blank> but was:<https://www.facebook.com/redBus.in/>
	at tests.SocialMediaTest.fbCheck(SocialMediaTest.java:15)
]]></failure>
    <system-out><![CDATA[ INFO [main] (BaseTest.java:166)- Browser opened successfully.
 INFO [main] (BaseTest.java:175)- URL opened successfully.
]]></system-out>
    <system-err><![CDATA[1625174380994	geckodriver	INFO	Listening on 127.0.0.1:38345
1625174381310	mozrunner::runner	INFO	Running command: "C:\\Program Files\\Mozilla Firefox\\firefox.exe" "--marionette" "-foreground" "-no-remote" "-profile" "C:\\Users\\ROHANC~1\\AppData\\Local\\Temp\\rust_mozprofileO7GZyR"
JavaScript warning: https://apps.apple.com/assets/vendor-241a0ced0733805c42228c39f8bcd2e5.js, line 6284: unreachable code after return statement
JavaScript warning: https://apps.apple.com/assets/vendor-241a0ced0733805c42228c39f8bcd2e5.js, line 6284: unreachable code after return statement
1625174382283	Marionette	INFO	Marionette enabled
console.warn: SearchSettings: "get: No settings file exists, new profile?" (new NotFoundError("Could not open the file at C:\\Users\\rohanchoudhary\\AppData\\Local\\Temp\\rust_mozprofileO7GZyR\\search.json.mozlz4", (void 0)))
1625174386044	Marionette	INFO	Listening on port 60816
1625174386179	Marionette	WARN	TLS certificate errors will be ignored for this session
Jul 02, 2021 2:49:46 AM org.openqa.selenium.remote.ProtocolHandshake createSession
INFO: Detected dialect: W3C
]]></system-err>
  </testcase>
  <testcase name="twitterCheck" classname="tests.SocialMediaTest" time="1.103">
    <failure message="expected:&lt;about:blank&gt; but was:&lt;https://twitter.com/redBus_in&gt;" type="java.lang.AssertionError"><![CDATA[java.lang.AssertionError: expected:<about:blank> but was:<https://twitter.com/redBus_in>
	at tests.SocialMediaTest.twitterCheck(SocialMediaTest.java:22)
]]></failure>
    <system-out><![CDATA[ INFO [main] (BaseTest.java:107)- fbCheck TEST CASE FAILED.
\FailedScreenshots\fbCheckTestFailed.jpg INFO [main] (BaseTest.java:183)- Browser closed successfully.
 INFO [main] (BaseTest.java:166)- Browser opened successfully.
 INFO [main] (BaseTest.java:175)- URL opened successfully.
]]></system-out>
    <system-err><![CDATA[1625174389454	Marionette	INFO	Stopped listening on port 60816

###!!! [Child][RunMessage] Error: Channel closing: too late to send/recv, messages will be lost

1625174391043	geckodriver	INFO	Listening on 127.0.0.1:30490
1625174391526	mozrunner::runner	INFO	Running command: "C:\\Program Files\\Mozilla Firefox\\firefox.exe" "--marionette" "-foreground" "-no-remote" "-profile" "C:\\Users\\ROHANC~1\\AppData\\Local\\Temp\\rust_mozprofile49pBL1"
1625174392496	Marionette	INFO	Marionette enabled
1625174393409	Marionette	INFO	Stopped listening on port 54769
console.warn: SearchSettings: "get: No settings file exists, new profile?" (new NotFoundError("Could not open the file at C:\\Users\\rohanchoudhary\\AppData\\Local\\Temp\\rust_mozprofile49pBL1\\search.json.mozlz4", (void 0)))
1625174396600	Marionette	INFO	Listening on port 51298
1625174396914	Marionette	WARN	TLS certificate errors will be ignored for this session
Jul 02, 2021 2:49:56 AM org.openqa.selenium.remote.ProtocolHandshake createSession
INFO: Detected dialect: W3C
]]></system-err>
  </testcase>
</testsuite>