<?xml version="1.0" encoding="UTF-8"?>
<!-- Generated by org.testng.reporters.JUnitReportReporter -->
<testsuite hostname="rohanchoudhary1" failures="0" tests="2" name="tests.SocialMediaTest" time="34.803" errors="0" timestamp="05 Jul 2021 14:57:12 GMT" skipped="0">
  <testcase classname="tests.SocialMediaTest" name="twitterCheck" time="18.022"/>
  <testcase classname="tests.SocialMediaTest" name="fbCheck" time="16.781"/>
</testsuite> <!-- tests.SocialMediaTest -->
