<?xml version="1.0" encoding="UTF-8"?>
<!-- Generated by org.testng.reporters.JUnitReportReporter -->
<testsuite hostname="rohanchoudhary1" failures="0" tests="2" name="tests.CareerPageTest" time="20.814" errors="0" timestamp="04 Jul 2021 11:11:56 GMT" skipped="0">
  <testcase classname="tests.CareerPageTest" name="careerLinkedIn" time="11.942"/>
  <testcase classname="tests.CareerPageTest" name="careerHiristLink" time="8.872"/>
</testsuite> <!-- tests.CareerPageTest -->
