<?xml version="1.0" encoding="UTF-8"?>
<!-- Generated by org.testng.reporters.JUnitReportReporter -->
<testsuite hostname="rohanchoudhary1" failures="0" tests="2" name="tests.LoginTest" time="20.757" errors="0" timestamp="05 Jul 2021 14:57:12 GMT" skipped="0">
  <testcase classname="tests.LoginTest" name="InvalidLogin" time="10.506"/>
  <testcase classname="tests.LoginTest" name="ValidLogin" time="10.251"/>
</testsuite> <!-- tests.LoginTest -->
