<?xml version="1.0" encoding="UTF-8"?>
<!-- Generated by org.testng.reporters.JUnitReportReporter -->
<testsuite hostname="rohanchoudhary1" failures="0" tests="1" name="tests.GlobalSitesTest" time="22.960" errors="0" timestamp="04 Jul 2021 10:16:13 GMT" skipped="0">
  <testcase classname="tests.GlobalSitesTest" name="SingaporeSiteTest" time="22.960"/>
</testsuite> <!-- tests.GlobalSitesTest -->
