<?xml version="1.0" encoding="UTF-8"?>
<!-- Generated by org.testng.reporters.JUnitReportReporter -->
<testsuite hostname="rohanchoudhary1" failures="0" tests="2" name="tests.RPoolAppDownloadTest" time="31.505" errors="0" timestamp="05 Jul 2021 14:57:12 GMT" skipped="0">
  <testcase classname="tests.RPoolAppDownloadTest" name="androidAppLink" time="14.989"/>
  <testcase classname="tests.RPoolAppDownloadTest" name="iosAppLink" time="16.516"/>
</testsuite> <!-- tests.RPoolAppDownloadTest -->
