<?xml version="1.0" encoding="UTF-8"?>
<!-- Generated by org.testng.reporters.JUnitReportReporter -->
<testsuite hostname="rohanchoudhary1" failures="0" tests="2" name="tests.ContactUsTest" time="45.940" errors="0" timestamp="02 Jul 2021 18:40:54 GMT" skipped="0">
  <testcase classname="tests.ContactUsTest" name="Support" time="29.403"/>
  <testcase classname="tests.ContactUsTest" name="ContactUsPhone" time="16.537"/>
</testsuite> <!-- tests.ContactUsTest -->
