<?xml version="1.0" encoding="UTF-8"?>
<!-- Generated by org.testng.reporters.JUnitReportReporter -->
<testsuite hostname="rohanchoudhary1" failures="0" tests="2" name="tests.OperatorSearch" time="38.023" errors="0" timestamp="04 Jul 2021 17:12:21 GMT" skipped="0">
  <testcase classname="tests.OperatorSearch" name="OperatorSearchBusDifferentName" time="20.127"/>
  <testcase classname="tests.OperatorSearch" name="OperatorSearchBus" time="17.896"/>
</testsuite> <!-- tests.OperatorSearch -->
