<?xml version="1.0" encoding="UTF-8"?>
<!-- Generated by org.testng.reporters.JUnitReportReporter -->
<testsuite hostname="rohanchoudhary1" failures="0" tests="2" name="tests.SocialMediaTest" time="32.002" errors="0" timestamp="02 Jul 2021 18:40:54 GMT" skipped="0">
  <testcase classname="tests.SocialMediaTest" name="fbCheck" time="18.922"/>
  <testcase classname="tests.SocialMediaTest" name="twitterCheck" time="13.080"/>
</testsuite> <!-- tests.SocialMediaTest -->
