<?xml version="1.0" encoding="UTF-8"?>
<!-- Generated by org.testng.reporters.JUnitReportReporter -->
<testsuite hostname="rohanchoudhary1" failures="0" tests="3" name="tests.HomePageSearchTest" time="98.088" errors="0" timestamp="02 Jul 2021 18:40:54 GMT" skipped="0">
  <testcase classname="tests.HomePageSearchTest" name="homePageSearchTest" time="24.529"/>
  <testcase classname="tests.HomePageSearchTest" name="busTicketPageMenuTest" time="37.544"/>
  <testcase classname="tests.HomePageSearchTest" name="modifySearch" time="36.015"/>
</testsuite> <!-- tests.HomePageSearchTest -->
