<?xml version="1.0" encoding="UTF-8"?>
<!-- Generated by org.testng.reporters.JUnitReportReporter -->
<testsuite hostname="rohanchoudhary1" failures="0" tests="2" name="tests.SocialMediaTest" time="31.072" errors="0" timestamp="04 Jul 2021 11:27:51 GMT" skipped="0">
  <testcase classname="tests.SocialMediaTest" name="twitterCheck" time="14.908"/>
  <testcase classname="tests.SocialMediaTest" name="fbCheck" time="16.164"/>
</testsuite> <!-- tests.SocialMediaTest -->
