<?xml version="1.0" encoding="UTF-8"?>
<!-- Generated by org.testng.reporters.JUnitReportReporter -->
<testsuite hostname="rohanchoudhary1" failures="0" tests="2" name="tests.OperatorSearch" time="55.911" errors="0" timestamp="02 Jul 2021 18:40:54 GMT" skipped="0">
  <testcase classname="tests.OperatorSearch" name="OperatorSearchBus" time="24.818"/>
  <testcase classname="tests.OperatorSearch" name="OperatorSearchBusDifferentName" time="31.093"/>
</testsuite> <!-- tests.OperatorSearch -->
