<?xml version="1.0" encoding="UTF-8"?>
<!-- Generated by org.testng.reporters.JUnitReportReporter -->
<testsuite hostname="rohanchoudhary1" failures="0" tests="2" name="tests.RPoolAppDownloadTest" time="77.355" errors="0" timestamp="02 Jul 2021 18:40:54 GMT" skipped="0">
  <testcase classname="tests.RPoolAppDownloadTest" name="androidAppLink" time="37.778"/>
  <testcase classname="tests.RPoolAppDownloadTest" name="iosAppLink" time="39.577"/>
</testsuite> <!-- tests.RPoolAppDownloadTest -->
