<?xml version="1.0" encoding="UTF-8"?>
<!-- Generated by org.testng.reporters.JUnitReportReporter -->
<testsuite hostname="rohanchoudhary1" failures="0" tests="2" name="tests.CareerPageTest" time="39.464" errors="0" timestamp="05 Jul 2021 14:57:12 GMT" skipped="0">
  <testcase classname="tests.CareerPageTest" name="careerLinkedIn" time="20.785"/>
  <testcase classname="tests.CareerPageTest" name="careerHiristLink" time="18.679"/>
</testsuite> <!-- tests.CareerPageTest -->
