<?xml version="1.0" encoding="UTF-8"?>
<!-- Generated by org.testng.reporters.JUnitReportReporter -->
<testsuite hostname="rohanchoudhary1" failures="0" tests="1" name="tests.HomePageSearchTest" time="14.191" errors="0" timestamp="04 Jul 2021 12:01:23 GMT" skipped="0">
  <testcase classname="tests.HomePageSearchTest" name="homePageSearchTest" time="14.191"/>
</testsuite> <!-- tests.HomePageSearchTest -->
