<?xml version="1.0" encoding="UTF-8"?>
<!-- Generated by org.testng.reporters.JUnitReportReporter -->
<testsuite hostname="rohanchoudhary1" failures="0" tests="1" name="tests.AgentRegistrationTest" time="16.930" errors="0" timestamp="05 Jul 2021 14:57:12 GMT" skipped="0">
  <testcase classname="tests.AgentRegistrationTest" name="InvalidAgentRegistration" time="16.930"/>
</testsuite> <!-- tests.AgentRegistrationTest -->
