<?xml version="1.0" encoding="UTF-8"?>
<!-- Generated by org.testng.reporters.JUnitReportReporter -->
<testsuite hostname="rohanchoudhary1" failures="0" tests="4" name="tests.ManageBookingTest" time="47.330" errors="0" timestamp="05 Jul 2021 14:57:12 GMT" skipped="0">
  <testcase classname="tests.ManageBookingTest" name="InvalidEmailSms" time="13.428"/>
  <testcase classname="tests.ManageBookingTest" name="InvalidchangeTravelDate" time="10.225"/>
  <testcase classname="tests.ManageBookingTest" name="InvalidShowMyTicket" time="13.391"/>
  <testcase classname="tests.ManageBookingTest" name="InvalidCancelTicket" time="10.286"/>
</testsuite> <!-- tests.ManageBookingTest -->
