<?xml version="1.0" encoding="UTF-8"?>
<!-- Generated by org.testng.reporters.JUnitReportReporter -->
<testsuite hostname="rohanchoudhary1" failures="0" tests="2" name="tests.AppLinkMobileTest" time="28.131" errors="0" timestamp="04 Jul 2021 10:28:56 GMT" skipped="0">
  <testcase classname="tests.AppLinkMobileTest" name="ValidMobileAppLink" time="12.144"/>
  <testcase classname="tests.AppLinkMobileTest" name="InvalidMobileAppLink" time="15.987"/>
</testsuite> <!-- tests.AppLinkMobileTest -->
