<?xml version="1.0" encoding="UTF-8"?>
<!-- Generated by org.testng.reporters.JUnitReportReporter -->
<testsuite hostname="rohanchoudhary1" failures="0" tests="2" name="tests.AppLinkMobileTest" time="21.298" errors="0" timestamp="05 Jul 2021 14:57:12 GMT" skipped="0">
  <testcase classname="tests.AppLinkMobileTest" name="InvalidMobileAppLink" time="11.513"/>
  <testcase classname="tests.AppLinkMobileTest" name="ValidMobileAppLink" time="9.785"/>
</testsuite> <!-- tests.AppLinkMobileTest -->
