<?xml version="1.0" encoding="UTF-8"?>
<!-- Generated by org.testng.reporters.JUnitReportReporter -->
<testsuite hostname="rohanchoudhary1" failures="0" tests="2" name="tests.RPoolAppDownloadTest" time="25.205" errors="0" timestamp="01 Jul 2021 20:52:41 GMT" skipped="0">
  <testcase classname="tests.RPoolAppDownloadTest" name="androidAppLink" time="11.098"/>
  <testcase classname="tests.RPoolAppDownloadTest" name="iosAppLink" time="14.107"/>
</testsuite> <!-- tests.RPoolAppDownloadTest -->
