<?xml version="1.0" encoding="UTF-8"?>
<!-- Generated by org.testng.reporters.JUnitReportReporter -->
<testsuite hostname="rohanchoudhary1" failures="0" tests="2" name="tests.OperatorSearch" time="30.315" errors="0" timestamp="04 Jul 2021 11:26:10 GMT" skipped="0">
  <testcase classname="tests.OperatorSearch" name="OperatorSearchBusDifferentName" time="16.364"/>
  <testcase classname="tests.OperatorSearch" name="OperatorSearchBus" time="13.951"/>
</testsuite> <!-- tests.OperatorSearch -->
