<?xml version="1.0" encoding="UTF-8"?>
<!-- Generated by org.testng.reporters.JUnitReportReporter -->
<testsuite hostname="rohanchoudhary1" failures="0" tests="3" name="tests.HomePageSearchTest" time="54.077" errors="0" timestamp="05 Jul 2021 14:57:12 GMT" skipped="0">
  <testcase classname="tests.HomePageSearchTest" name="busTicketPageMenu" time="17.033"/>
  <testcase classname="tests.HomePageSearchTest" name="modifySearch" time="23.161"/>
  <testcase classname="tests.HomePageSearchTest" name="homePageSearch" time="13.883"/>
</testsuite> <!-- tests.HomePageSearchTest -->
