<?xml version="1.0" encoding="UTF-8"?>
<!-- Generated by org.testng.reporters.JUnitReportReporter -->
<testsuite hostname="rohanchoudhary1" failures="0" tests="1" name="tests.AgentRegistrationTest" time="28.308" errors="0" timestamp="02 Jul 2021 19:03:31 GMT" skipped="0">
  <testcase classname="tests.AgentRegistrationTest" name="InvalidAgentRegistrationTest" time="28.308"/>
</testsuite> <!-- tests.AgentRegistrationTest -->
