<?xml version="1.0" encoding="UTF-8"?>
<!-- Generated by org.testng.reporters.JUnitReportReporter -->
<testsuite hostname="rohanchoudhary1" failures="0" tests="2" name="tests.GlobalSitesTest" time="40.512" errors="0" timestamp="02 Jul 2021 18:40:54 GMT" skipped="0">
  <testcase classname="tests.GlobalSitesTest" name="ColombiaSiteTest" time="21.681"/>
  <testcase classname="tests.GlobalSitesTest" name="SingaporeSiteTest" time="18.831"/>
</testsuite> <!-- tests.GlobalSitesTest -->
