<?xml version="1.0" encoding="UTF-8"?>
<!-- Generated by org.testng.reporters.JUnitReportReporter -->
<testsuite hostname="rohanchoudhary1" failures="0" tests="1" name="tests.HomePageSearchTest" time="17.174" errors="0" timestamp="01 Jul 2021 20:52:41 GMT" skipped="0">
  <testcase classname="tests.HomePageSearchTest" name="modifySearch" time="17.174"/>
</testsuite> <!-- tests.HomePageSearchTest -->
