<?xml version="1.0" encoding="UTF-8"?>
<!-- Generated by org.testng.reporters.JUnitReportReporter -->
<testsuite hostname="rohanchoudhary1" failures="0" tests="2" name="tests.SocialMediaTest" time="18.270" errors="0" timestamp="01 Jul 2021 20:52:41 GMT" skipped="0">
  <testcase classname="tests.SocialMediaTest" name="twitterCheck" time="7.955"/>
  <testcase classname="tests.SocialMediaTest" name="fbCheck" time="10.315"/>
</testsuite> <!-- tests.SocialMediaTest -->
