<?xml version="1.0" encoding="UTF-8"?>
<!-- Generated by org.testng.reporters.JUnitReportReporter -->
<testsuite hostname="rohanchoudhary1" failures="0" tests="2" name="tests.OperatorSearch" time="35.882" errors="0" timestamp="01 Jul 2021 20:52:41 GMT" skipped="0">
  <testcase classname="tests.OperatorSearch" name="OperatorSearchBusDifferentName" time="19.069"/>
  <testcase classname="tests.OperatorSearch" name="OperatorSearchBus" time="16.813"/>
</testsuite> <!-- tests.OperatorSearch -->
