<?xml version="1.0" encoding="UTF-8"?>
<!-- Generated by org.testng.reporters.JUnitReportReporter -->
<testsuite hostname="rohanchoudhary1" failures="0" tests="1" name="tests.AgentRegistrationTest" time="27.469" errors="0" timestamp="03 Jul 2021 22:28:22 GMT" skipped="0">
  <testcase classname="tests.AgentRegistrationTest" name="InvalidAgentRegistrationTest" time="27.469"/>
</testsuite> <!-- tests.AgentRegistrationTest -->
