<?xml version="1.0" encoding="UTF-8"?>
<!-- Generated by org.testng.reporters.JUnitReportReporter -->
<testsuite hostname="rohanchoudhary1" failures="0" tests="1" name="tests.BusHireTest" time="44.194" errors="0" timestamp="04 Jul 2021 11:37:09 GMT" skipped="0">
  <testcase classname="tests.BusHireTest" name="all_bus_operators" time="44.194"/>
</testsuite> <!-- tests.BusHireTest -->
