<?xml version="1.0" encoding="UTF-8"?>
<!-- Generated by org.testng.reporters.JUnitReportReporter -->
<testsuite hostname="rohanchoudhary1" failures="0" tests="1" name="tests.PrivacyLinkTest" time="8.172" errors="0" timestamp="01 Jul 2021 20:52:41 GMT" skipped="0">
  <testcase classname="tests.PrivacyLinkTest" name="privacyLinkTest" time="8.172"/>
</testsuite> <!-- tests.PrivacyLinkTest -->
