<?xml version="1.0" encoding="UTF-8"?>
<!-- Generated by org.testng.reporters.JUnitReportReporter -->
<testsuite hostname="rohanchoudhary1" failures="0" tests="2" name="tests.SocialMediaTest" time="24.189" errors="0" timestamp="04 Jul 2021 16:52:58 GMT" skipped="0">
  <testcase classname="tests.SocialMediaTest" name="twitterCheck" time="11.118"/>
  <testcase classname="tests.SocialMediaTest" name="fbCheck" time="13.071"/>
</testsuite> <!-- tests.SocialMediaTest -->
