<?xml version="1.0" encoding="UTF-8"?>
<!-- Generated by org.testng.reporters.JUnitReportReporter -->
<testsuite hostname="rohanchoudhary1" failures="0" tests="4" name="tests.ManageBookingTest" time="58.753" errors="0" timestamp="02 Jul 2021 18:40:54 GMT" skipped="0">
  <testcase classname="tests.ManageBookingTest" name="InvalidEmailSms" time="14.534"/>
  <testcase classname="tests.ManageBookingTest" name="InvalidchangeTravelDate" time="14.826"/>
  <testcase classname="tests.ManageBookingTest" name="InvalidCancelTicket" time="13.045"/>
  <testcase classname="tests.ManageBookingTest" name="InvalidShowMyTicket" time="16.348"/>
</testsuite> <!-- tests.ManageBookingTest -->
