<?xml version="1.0" encoding="UTF-8"?>
<!-- Generated by org.testng.reporters.JUnitReportReporter -->
<testsuite hostname="rohanchoudhary1" failures="0" tests="2" name="tests.ManageBookingTest" time="28.761" errors="0" timestamp="05 Jul 2021 12:06:37 GMT" skipped="0">
  <testcase classname="tests.ManageBookingTest" name="InvalidEmailSms" time="13.201"/>
  <testcase classname="tests.ManageBookingTest" name="InvalidShowMyTicket" time="15.560"/>
</testsuite> <!-- tests.ManageBookingTest -->
