<?xml version="1.0" encoding="UTF-8"?>
<!-- Generated by org.testng.reporters.JUnitReportReporter -->
<testsuite hostname="rohanchoudhary1" failures="0" tests="1" name="tests.RPoolAppDownloadTest" time="10.581" errors="0" timestamp="03 Jul 2021 21:22:30 GMT" skipped="0">
  <testcase classname="tests.RPoolAppDownloadTest" name="androidAppLink" time="10.581"/>
</testsuite> <!-- tests.RPoolAppDownloadTest -->
