<?xml version="1.0" encoding="UTF-8"?>
<!-- Generated by org.testng.reporters.JUnitReportReporter -->
<testsuite hostname="rohanchoudhary1" failures="0" tests="1" name="tests.FAQTest" time="20.655" errors="0" timestamp="02 Jul 2021 18:40:54 GMT" skipped="0">
  <testcase classname="tests.FAQTest" name="FaqPageTest" time="20.655"/>
</testsuite> <!-- tests.FAQTest -->
