<?xml version="1.0" encoding="UTF-8"?>
<!-- Generated by org.testng.reporters.JUnitReportReporter -->
<testsuite hostname="rohanchoudhary1" failures="0" tests="1" name="tests.RPoolAppDownloadTest" time="15.262" errors="0" timestamp="04 Jul 2021 16:58:41 GMT" skipped="0">
  <testcase classname="tests.RPoolAppDownloadTest" name="iosAppLink" time="15.262"/>
</testsuite> <!-- tests.RPoolAppDownloadTest -->
