<?xml version="1.0" encoding="UTF-8"?>
<!-- Generated by org.testng.reporters.JUnitReportReporter -->
<testsuite hostname="rohanchoudhary1" failures="0" tests="2" name="tests.LoginTest" time="47.416" errors="0" timestamp="02 Jul 2021 18:40:54 GMT" skipped="0">
  <testcase classname="tests.LoginTest" name="InvalidLogin" time="24.832"/>
  <testcase classname="tests.LoginTest" name="ValidLogin" time="22.584"/>
</testsuite> <!-- tests.LoginTest -->
