<?xml version="1.0" encoding="UTF-8"?>
<!-- Generated by org.testng.reporters.JUnitReportReporter -->
<testsuite hostname="rohanchoudhary1" failures="0" tests="2" name="tests.CareerPageTest" time="69.741" errors="0" timestamp="02 Jul 2021 18:40:54 GMT" skipped="0">
  <testcase classname="tests.CareerPageTest" name="careerLinkedIn" time="23.149"/>
  <testcase classname="tests.CareerPageTest" name="careerHiristLink" time="46.592"/>
</testsuite> <!-- tests.CareerPageTest -->
