<?xml version="1.0" encoding="UTF-8"?>
<!-- Generated by org.testng.reporters.JUnitReportReporter -->
<testsuite hostname="rohanchoudhary1" failures="0" tests="1" name="tests.ManageBookingTest" time="14.048" errors="0" timestamp="04 Jul 2021 17:36:33 GMT" skipped="0">
  <testcase classname="tests.ManageBookingTest" name="InvalidEmailSms" time="14.048"/>
</testsuite> <!-- tests.ManageBookingTest -->
