<?xml version="1.0" encoding="UTF-8"?>
<!-- Generated by org.testng.reporters.JUnitReportReporter -->
<testsuite hostname="rohanchoudhary1" failures="0" tests="2" name="tests.GlobalSitesTest" time="31.568" errors="0" timestamp="05 Jul 2021 14:57:12 GMT" skipped="0">
  <testcase classname="tests.GlobalSitesTest" name="SingaporeSite" time="14.774"/>
  <testcase classname="tests.GlobalSitesTest" name="ColombiaSite" time="16.794"/>
</testsuite> <!-- tests.GlobalSitesTest -->
