<?xml version="1.0" encoding="UTF-8"?>
<!-- Generated by org.testng.reporters.JUnitReportReporter -->
<testsuite hostname="rohanchoudhary1" failures="0" tests="2" name="tests.ContactUsTest" time="33.303" errors="0" timestamp="05 Jul 2021 14:57:12 GMT" skipped="0">
  <testcase classname="tests.ContactUsTest" name="ContactUsPhone" time="15.734"/>
  <testcase classname="tests.ContactUsTest" name="ContactUsSupport" time="17.569"/>
</testsuite> <!-- tests.ContactUsTest -->
