<?xml version="1.0" encoding="UTF-8"?>
<!-- Generated by org.testng.reporters.JUnitReportReporter -->
<testsuite hostname="rohanchoudhary1" failures="0" tests="1" name="tests.LoginTest" time="7.919" errors="0" timestamp="04 Jul 2021 12:24:08 GMT" skipped="0">
  <testcase classname="tests.LoginTest" name="ValidLogin" time="7.919"/>
</testsuite> <!-- tests.LoginTest -->
