<?xml version="1.0" encoding="UTF-8"?>
<!-- Generated by org.testng.reporters.JUnitReportReporter -->
<testsuite hostname="rohanchoudhary1" failures="0" tests="3" name="tests.HomePageSearchTest" time="53.773" errors="0" timestamp="04 Jul 2021 17:15:59 GMT" skipped="0">
  <testcase classname="tests.HomePageSearchTest" name="busTicketPageMenu" time="19.748"/>
  <testcase classname="tests.HomePageSearchTest" name="modifySearch" time="19.344"/>
  <testcase classname="tests.HomePageSearchTest" name="homePageSearch" time="14.681"/>
</testsuite> <!-- tests.HomePageSearchTest -->
