<?xml version="1.0" encoding="UTF-8"?>
<!-- Generated by org.testng.reporters.JUnitReportReporter -->
<testsuite skipped="0" hostname="rohanchoudhary1" name="tests.ContactUsTest" tests="2" failures="0" timestamp="04 Jul 2021 18:19:25 GMT" time="28.854" errors="0">
  <testcase name="ContactUsPhone" time="10.908" classname="tests.ContactUsTest"/>
  <testcase name="ContactUsSupport" time="17.946" classname="tests.ContactUsTest"/>
</testsuite> <!-- tests.ContactUsTest -->
