<?xml version="1.0" encoding="UTF-8"?>
<!-- Generated by org.testng.reporters.JUnitReportReporter -->
<testsuite skipped="0" hostname="rohanchoudhary1" name="tests.ContactUsTest" tests="2" failures="0" timestamp="01 Jul 2021 21:20:02 GMT" time="29.147" errors="0">
  <testcase name="Support" time="18.198" classname="tests.ContactUsTest"/>
  <testcase name="ContactUsPhone" time="10.949" classname="tests.ContactUsTest"/>
</testsuite> <!-- tests.ContactUsTest -->
