<?xml version="1.0" encoding="UTF-8"?>
<!-- Generated by org.testng.reporters.JUnitReportReporter -->
<testsuite skipped="0" hostname="rohanchoudhary1" name="tests.LoginTest" tests="2" failures="0" timestamp="04 Jul 2021 12:30:47 GMT" time="15.004" errors="0">
  <testcase name="ValidLogin" time="7.197" classname="tests.LoginTest"/>
  <testcase name="InvalidLogin" time="7.807" classname="tests.LoginTest"/>
</testsuite> <!-- tests.LoginTest -->
