<?xml version="1.0" encoding="UTF-8"?>
<!-- Generated by org.testng.reporters.JUnitReportReporter -->
<testsuite skipped="0" hostname="rohanchoudhary1" name="tests.RPoolAppDownloadTest" tests="2" failures="0" timestamp="04 Jul 2021 18:19:25 GMT" time="22.392" errors="0">
  <testcase name="androidAppLink" time="11.657" classname="tests.RPoolAppDownloadTest"/>
  <testcase name="iosAppLink" time="10.735" classname="tests.RPoolAppDownloadTest"/>
</testsuite> <!-- tests.RPoolAppDownloadTest -->
