<?xml version="1.0" encoding="UTF-8"?>
<!-- Generated by org.testng.reporters.JUnitReportReporter -->
<testsuite skipped="0" hostname="rohanchoudhary1" name="tests.GlobalSitesTest" tests="2" failures="0" timestamp="04 Jul 2021 18:19:25 GMT" time="25.105" errors="0">
  <testcase name="ColombiaSite" time="14.568" classname="tests.GlobalSitesTest"/>
  <testcase name="SingaporeSite" time="10.537" classname="tests.GlobalSitesTest"/>
</testsuite> <!-- tests.GlobalSitesTest -->
