<?xml version="1.0" encoding="UTF-8"?>
<!-- Generated by org.testng.reporters.JUnitReportReporter -->
<testsuite skipped="0" hostname="rohanchoudhary1" name="tests.FAQTest" tests="1" failures="0" timestamp="04 Jul 2021 18:19:25 GMT" time="8.624" errors="0">
  <testcase name="FaqPage" time="8.624" classname="tests.FAQTest"/>
</testsuite> <!-- tests.FAQTest -->
