<?xml version="1.0" encoding="UTF-8"?>
<!-- Generated by org.testng.reporters.JUnitReportReporter -->
<testsuite skipped="0" hostname="rohanchoudhary1" name="tests.PrivacyLinkTest" tests="1" failures="0" timestamp="01 Jul 2021 21:20:02 GMT" time="11.268" errors="0">
  <testcase name="privacyLinkTest" time="11.268" classname="tests.PrivacyLinkTest"/>
</testsuite> <!-- tests.PrivacyLinkTest -->
