<?xml version="1.0" encoding="UTF-8"?>
<!-- Generated by org.testng.reporters.JUnitReportReporter -->
<testsuite skipped="0" hostname="rohanchoudhary1" name="tests.ManageBookingTest" tests="4" failures="0" timestamp="04 Jul 2021 18:19:25 GMT" time="35.634" errors="0">
  <testcase name="InvalidShowMyTicket" time="9.220" classname="tests.ManageBookingTest"/>
  <testcase name="InvalidCancelTicket" time="8.737" classname="tests.ManageBookingTest"/>
  <testcase name="InvalidEmailSms" time="8.652" classname="tests.ManageBookingTest"/>
  <testcase name="InvalidchangeTravelDate" time="9.025" classname="tests.ManageBookingTest"/>
</testsuite> <!-- tests.ManageBookingTest -->
