<?xml version="1.0" encoding="UTF-8"?>
<!-- Generated by org.testng.reporters.JUnitReportReporter -->
<testsuite skipped="0" hostname="rohanchoudhary1" name="tests.SocialMediaTest" tests="2" failures="0" timestamp="04 Jul 2021 12:30:47 GMT" time="20.273" errors="0">
  <testcase name="twitterCheck" time="9.135" classname="tests.SocialMediaTest"/>
  <testcase name="fbCheck" time="11.138" classname="tests.SocialMediaTest"/>
</testsuite> <!-- tests.SocialMediaTest -->
