<?xml version="1.0" encoding="UTF-8"?>
<!-- Generated by org.testng.reporters.JUnitReportReporter -->
<testsuite skipped="0" hostname="rohanchoudhary1" name="tests.SocialMediaTest" tests="2" failures="0" timestamp="04 Jul 2021 18:19:25 GMT" time="24.702" errors="0">
  <testcase name="fbCheck" time="13.044" classname="tests.SocialMediaTest"/>
  <testcase name="twitterCheck" time="11.658" classname="tests.SocialMediaTest"/>
</testsuite> <!-- tests.SocialMediaTest -->
