<?xml version="1.0" encoding="UTF-8"?>
<!-- Generated by org.testng.reporters.JUnitReportReporter -->
<testsuite skipped="0" hostname="rohanchoudhary1" name="tests.PrivacyLinkTest" tests="1" failures="0" timestamp="04 Jul 2021 12:30:47 GMT" time="7.768" errors="0">
  <testcase name="privacyLinkTest" time="7.768" classname="tests.PrivacyLinkTest"/>
</testsuite> <!-- tests.PrivacyLinkTest -->
