<?xml version="1.0" encoding="UTF-8"?>
<!-- Generated by org.testng.reporters.JUnitReportReporter -->
<testsuite skipped="0" hostname="rohanchoudhary1" name="tests.ManageBookingTest" tests="4" failures="0" timestamp="04 Jul 2021 12:30:47 GMT" time="47.855" errors="0">
  <testcase name="InvalidchangeTravelDate" time="12.469" classname="tests.ManageBookingTest"/>
  <testcase name="InvalidEmailSms" time="11.338" classname="tests.ManageBookingTest"/>
  <testcase name="InvalidCancelTicket" time="11.985" classname="tests.ManageBookingTest"/>
  <testcase name="InvalidShowMyTicket" time="12.063" classname="tests.ManageBookingTest"/>
</testsuite> <!-- tests.ManageBookingTest -->
