<?xml version="1.0" encoding="UTF-8"?>
<!-- Generated by org.testng.reporters.JUnitReportReporter -->
<testsuite skipped="0" hostname="rohanchoudhary1" name="tests.RPoolAppDownloadTest" tests="2" failures="0" timestamp="04 Jul 2021 12:30:47 GMT" time="21.299" errors="0">
  <testcase name="androidAppLink" time="10.908" classname="tests.RPoolAppDownloadTest"/>
  <testcase name="iosAppLink" time="10.391" classname="tests.RPoolAppDownloadTest"/>
</testsuite> <!-- tests.RPoolAppDownloadTest -->
