<?xml version="1.0" encoding="UTF-8"?>
<!-- Generated by org.testng.reporters.JUnitReportReporter -->
<testsuite skipped="0" hostname="rohanchoudhary1" name="tests.HomePageSearchTest" tests="3" failures="0" timestamp="04 Jul 2021 18:19:25 GMT" time="70.002" errors="0">
  <testcase name="modifySearch" time="24.849" classname="tests.HomePageSearchTest"/>
  <testcase name="homePageSearch" time="20.421" classname="tests.HomePageSearchTest"/>
  <testcase name="busTicketPageMenu" time="24.732" classname="tests.HomePageSearchTest"/>
</testsuite> <!-- tests.HomePageSearchTest -->
