<?xml version="1.0" encoding="UTF-8"?>
<!-- Generated by org.testng.reporters.JUnitReportReporter -->
<testsuite skipped="0" hostname="rohanchoudhary1" name="tests.AgentRegistrationTest" tests="1" failures="0" timestamp="04 Jul 2021 18:19:25 GMT" time="20.428" errors="0">
  <testcase name="InvalidAgentRegistration" time="20.428" classname="tests.AgentRegistrationTest"/>
</testsuite> <!-- tests.AgentRegistrationTest -->
