<?xml version="1.0" encoding="UTF-8"?>
<!-- Generated by org.testng.reporters.JUnitReportReporter -->
<testsuite skipped="0" hostname="rohanchoudhary1" name="tests.LoginTest" tests="2" failures="0" timestamp="04 Jul 2021 18:19:25 GMT" time="17.058" errors="0">
  <testcase name="InvalidLogin" time="8.411" classname="tests.LoginTest"/>
  <testcase name="ValidLogin" time="8.647" classname="tests.LoginTest"/>
</testsuite> <!-- tests.LoginTest -->
