<?xml version="1.0" encoding="UTF-8"?>
<!-- Generated by org.testng.reporters.JUnitReportReporter -->
<testsuite skipped="0" hostname="rohanchoudhary1" name="tests.AgentRegistrationTest" tests="1" failures="0" timestamp="04 Jul 2021 12:30:47 GMT" time="15.211" errors="0">
  <testcase name="InvalidAgentRegistrationTest" time="15.211" classname="tests.AgentRegistrationTest"/>
</testsuite> <!-- tests.AgentRegistrationTest -->
