<?xml version="1.0" encoding="UTF-8"?>
<!-- Generated by org.testng.reporters.JUnitReportReporter -->
<testsuite skipped="0" hostname="rohanchoudhary1" name="tests.CareerPageTest" tests="2" failures="0" timestamp="04 Jul 2021 12:30:47 GMT" time="22.598" errors="0">
  <testcase name="careerHiristLink" time="12.424" classname="tests.CareerPageTest"/>
  <testcase name="careerLinkedIn" time="10.174" classname="tests.CareerPageTest"/>
</testsuite> <!-- tests.CareerPageTest -->
