<?xml version="1.0" encoding="UTF-8"?>
<!-- Generated by org.testng.reporters.JUnitReportReporter -->
<testsuite skipped="0" hostname="rohanchoudhary1" name="tests.ManageBookingTest" tests="4" failures="0" timestamp="05 Jul 2021 16:05:44 GMT" time="78.636" errors="0">
  <testcase name="InvalidEmailSms" time="18.089" classname="tests.ManageBookingTest"/>
  <testcase name="InvalidCancelTicket" time="21.804" classname="tests.ManageBookingTest"/>
  <testcase name="InvalidchangeTravelDate" time="17.887" classname="tests.ManageBookingTest"/>
  <testcase name="InvalidShowMyTicket" time="20.856" classname="tests.ManageBookingTest"/>
</testsuite> <!-- tests.ManageBookingTest -->
