<?xml version="1.0" encoding="UTF-8"?>
<!-- Generated by org.testng.reporters.JUnitReportReporter -->
<testsuite skipped="0" hostname="rohanchoudhary1" name="tests.AppLinkMobileTest" tests="2" failures="0" timestamp="04 Jul 2021 18:19:25 GMT" time="14.161" errors="0">
  <testcase name="ValidMobileAppLink" time="6.607" classname="tests.AppLinkMobileTest"/>
  <testcase name="InvalidMobileAppLink" time="7.554" classname="tests.AppLinkMobileTest"/>
</testsuite> <!-- tests.AppLinkMobileTest -->
